2021-02-12T12:01:37.299-0500 [DEBUG] [org.gradle.launcher.daemon.bootstrap.DaemonMain] Assuming the daemon was started with following jvm opts: [--add-opens, java.base/java.util=ALL-UNNAMED, --add-opens, java.base/java.lang=ALL-UNNAMED, --add-opens, java.base/java.lang.invoke=ALL-UNNAMED, --add-opens, java.prefs/java.util.prefs=ALL-UNNAMED, -XX:MaxMetaspaceSize=256m, -XX:+HeapDumpOnOutOfMemoryError, -Xms256m, -Xmx512m, -Dfile.encoding=windows-1252, -Duser.country=CO, -Duser.language=es, -Duser.variant]
2021-02-12T12:01:37.410-0500 [DEBUG] [org.gradle.internal.nativeintegration.services.NativeServices] Native-platform posix files integration is not available. Continuing with fallback.
2021-02-12T12:01:37.456-0500 [INFO] [org.gradle.launcher.daemon.server.Daemon] start() called on daemon - DefaultDaemonContext[uid=b408981d-6865-4462-89f0-19017248d685,javaHome=C:\Program Files\Java\jdk-11.0.7,daemonRegistryDir=D:\JavaCensa\Nota-1\daemon,pid=8524,idleTimeout=10800000,priority=NORMAL,daemonOpts=--add-opens,java.base/java.util=ALL-UNNAMED,--add-opens,java.base/java.lang=ALL-UNNAMED,--add-opens,java.base/java.lang.invoke=ALL-UNNAMED,--add-opens,java.prefs/java.util.prefs=ALL-UNNAMED,-XX:MaxMetaspaceSize=256m,-XX:+HeapDumpOnOutOfMemoryError,-Xms256m,-Xmx512m,-Dfile.encoding=windows-1252,-Duser.country=CO,-Duser.language=es,-Duser.variant]
2021-02-12T12:01:37.816-0500 [DEBUG] [org.gradle.internal.remote.internal.inet.InetAddresses] Adding IP addresses for network interface Software Loopback Interface 1
2021-02-12T12:01:37.818-0500 [DEBUG] [org.gradle.internal.remote.internal.inet.InetAddresses] Is this a loopback interface? true
2021-02-12T12:01:37.818-0500 [DEBUG] [org.gradle.internal.remote.internal.inet.InetAddresses] Adding loopback address /127.0.0.1
2021-02-12T12:01:37.818-0500 [DEBUG] [org.gradle.internal.remote.internal.inet.InetAddresses] Adding loopback address /0:0:0:0:0:0:0:1
2021-02-12T12:01:37.824-0500 [DEBUG] [org.gradle.internal.remote.internal.inet.InetAddresses] Adding IP addresses for network interface WAN Miniport (IKEv2)
2021-02-12T12:01:37.826-0500 [DEBUG] [org.gradle.internal.remote.internal.inet.InetAddresses] Is this a loopback interface? false
2021-02-12T12:01:37.826-0500 [DEBUG] [org.gradle.internal.remote.internal.inet.InetAddresses] Adding IP addresses for network interface Microsoft 6to4 Adapter
2021-02-12T12:01:37.829-0500 [DEBUG] [org.gradle.internal.remote.internal.inet.InetAddresses] Is this a loopback interface? false
2021-02-12T12:01:37.829-0500 [DEBUG] [org.gradle.internal.remote.internal.inet.InetAddresses] Adding IP addresses for network interface WAN Miniport (IPv6)
2021-02-12T12:01:37.831-0500 [DEBUG] [org.gradle.internal.remote.internal.inet.InetAddresses] Is this a loopback interface? false
2021-02-12T12:01:37.831-0500 [DEBUG] [org.gradle.internal.remote.internal.inet.InetAddresses] Adding IP addresses for network interface Bluetooth Device (Personal Area Network)
2021-02-12T12:01:37.833-0500 [DEBUG] [org.gradle.internal.remote.internal.inet.InetAddresses] Is this a loopback interface? false
2021-02-12T12:01:37.834-0500 [DEBUG] [org.gradle.internal.remote.internal.inet.InetAddresses] Adding remote address /fe80:0:0:0:11ab:ab0b:685:4719%eth1
2021-02-12T12:01:37.834-0500 [DEBUG] [org.gradle.internal.remote.internal.inet.InetAddresses] Adding IP addresses for network interface WAN Miniport (Network Monitor)
2021-02-12T12:01:37.837-0500 [DEBUG] [org.gradle.internal.remote.internal.inet.InetAddresses] Is this a loopback interface? false
2021-02-12T12:01:37.837-0500 [DEBUG] [org.gradle.internal.remote.internal.inet.InetAddresses] Adding IP addresses for network interface WAN Miniport (PPTP)
2021-02-12T12:01:37.839-0500 [DEBUG] [org.gradle.internal.remote.internal.inet.InetAddresses] Is this a loopback interface? false
2021-02-12T12:01:37.839-0500 [DEBUG] [org.gradle.internal.remote.internal.inet.InetAddresses] Adding IP addresses for network interface Microsoft IP-HTTPS Platform Adapter
2021-02-12T12:01:37.842-0500 [DEBUG] [org.gradle.internal.remote.internal.inet.InetAddresses] Is this a loopback interface? false
2021-02-12T12:01:37.842-0500 [DEBUG] [org.gradle.internal.remote.internal.inet.InetAddresses] Adding IP addresses for network interface WAN Miniport (IP)
2021-02-12T12:01:37.844-0500 [DEBUG] [org.gradle.internal.remote.internal.inet.InetAddresses] Is this a loopback interface? false
2021-02-12T12:01:37.845-0500 [DEBUG] [org.gradle.internal.remote.internal.inet.InetAddresses] Adding IP addresses for network interface Qualcomm Atheros QCA9377 Wireless Network Adapter
2021-02-12T12:01:37.847-0500 [DEBUG] [org.gradle.internal.remote.internal.inet.InetAddresses] Is this a loopback interface? false
2021-02-12T12:01:37.847-0500 [DEBUG] [org.gradle.internal.remote.internal.inet.InetAddresses] Adding remote address /192.168.1.11
2021-02-12T12:01:37.847-0500 [DEBUG] [org.gradle.internal.remote.internal.inet.InetAddresses] Adding remote address /fe80:0:0:0:40d4:6bc6:1d41:9f14%wlan0
2021-02-12T12:01:37.848-0500 [DEBUG] [org.gradle.internal.remote.internal.inet.InetAddresses] Adding IP addresses for network interface Remote NDIS based Internet Sharing Device
2021-02-12T12:01:37.849-0500 [DEBUG] [org.gradle.internal.remote.internal.inet.InetAddresses] Is this a loopback interface? false
2021-02-12T12:01:37.850-0500 [DEBUG] [org.gradle.internal.remote.internal.inet.InetAddresses] Adding IP addresses for network interface Hyper-V Virtual Ethernet Adapter
2021-02-12T12:01:37.851-0500 [DEBUG] [org.gradle.internal.remote.internal.inet.InetAddresses] Is this a loopback interface? false
2021-02-12T12:01:37.852-0500 [DEBUG] [org.gradle.internal.remote.internal.inet.InetAddresses] Adding remote address /172.17.32.1
2021-02-12T12:01:37.852-0500 [DEBUG] [org.gradle.internal.remote.internal.inet.InetAddresses] Adding remote address /fe80:0:0:0:e403:3043:a61a:4e71%eth5
2021-02-12T12:01:37.852-0500 [DEBUG] [org.gradle.internal.remote.internal.inet.InetAddresses] Adding IP addresses for network interface Hyper-V Virtual Switch Extension Adapter
2021-02-12T12:01:37.855-0500 [DEBUG] [org.gradle.internal.remote.internal.inet.InetAddresses] Is this a loopback interface? false
2021-02-12T12:01:37.855-0500 [DEBUG] [org.gradle.internal.remote.internal.inet.InetAddresses] Adding IP addresses for network interface Microsoft Teredo Tunneling Adapter
2021-02-12T12:01:37.857-0500 [DEBUG] [org.gradle.internal.remote.internal.inet.InetAddresses] Is this a loopback interface? false
2021-02-12T12:01:37.858-0500 [DEBUG] [org.gradle.internal.remote.internal.inet.InetAddresses] Adding IP addresses for network interface WAN Miniport (PPPOE)
2021-02-12T12:01:37.860-0500 [DEBUG] [org.gradle.internal.remote.internal.inet.InetAddresses] Is this a loopback interface? false
2021-02-12T12:01:37.860-0500 [DEBUG] [org.gradle.internal.remote.internal.inet.InetAddresses] Adding IP addresses for network interface WAN Miniport (SSTP)
2021-02-12T12:01:37.862-0500 [DEBUG] [org.gradle.internal.remote.internal.inet.InetAddresses] Is this a loopback interface? false
2021-02-12T12:01:37.862-0500 [DEBUG] [org.gradle.internal.remote.internal.inet.InetAddresses] Adding IP addresses for network interface Microsoft Wi-Fi Direct Virtual Adapter #2
2021-02-12T12:01:37.864-0500 [DEBUG] [org.gradle.internal.remote.internal.inet.InetAddresses] Is this a loopback interface? false
2021-02-12T12:01:37.864-0500 [DEBUG] [org.gradle.internal.remote.internal.inet.InetAddresses] Adding remote address /fe80:0:0:0:c5df:3d57:8c21:5385%wlan1
2021-02-12T12:01:37.864-0500 [DEBUG] [org.gradle.internal.remote.internal.inet.InetAddresses] Adding IP addresses for network interface WAN Miniport (L2TP)
2021-02-12T12:01:37.867-0500 [DEBUG] [org.gradle.internal.remote.internal.inet.InetAddresses] Is this a loopback interface? false
2021-02-12T12:01:37.867-0500 [DEBUG] [org.gradle.internal.remote.internal.inet.InetAddresses] Adding IP addresses for network interface Microsoft Wi-Fi Direct Virtual Adapter
2021-02-12T12:01:37.869-0500 [DEBUG] [org.gradle.internal.remote.internal.inet.InetAddresses] Is this a loopback interface? false
2021-02-12T12:01:37.869-0500 [DEBUG] [org.gradle.internal.remote.internal.inet.InetAddresses] Adding remote address /fe80:0:0:0:f89d:6e5c:95eb:f31e%wlan2
2021-02-12T12:01:37.869-0500 [DEBUG] [org.gradle.internal.remote.internal.inet.InetAddresses] Adding IP addresses for network interface Microsoft Kernel Debug Network Adapter
2021-02-12T12:01:37.871-0500 [DEBUG] [org.gradle.internal.remote.internal.inet.InetAddresses] Is this a loopback interface? false
2021-02-12T12:01:37.872-0500 [DEBUG] [org.gradle.internal.remote.internal.inet.InetAddresses] Adding IP addresses for network interface VirtualBox Host-Only Ethernet Adapter
2021-02-12T12:01:37.874-0500 [DEBUG] [org.gradle.internal.remote.internal.inet.InetAddresses] Is this a loopback interface? false
2021-02-12T12:01:37.874-0500 [DEBUG] [org.gradle.internal.remote.internal.inet.InetAddresses] Adding remote address /192.168.56.1
2021-02-12T12:01:37.874-0500 [DEBUG] [org.gradle.internal.remote.internal.inet.InetAddresses] Adding remote address /fe80:0:0:0:517e:a76:882a:6ad2%eth8
2021-02-12T12:01:37.874-0500 [DEBUG] [org.gradle.internal.remote.internal.inet.InetAddresses] Adding IP addresses for network interface ASIX AX88772B USB2.0 to Fast Ethernet Adapter
2021-02-12T12:01:37.876-0500 [DEBUG] [org.gradle.internal.remote.internal.inet.InetAddresses] Is this a loopback interface? false
2021-02-12T12:01:37.876-0500 [DEBUG] [org.gradle.internal.remote.internal.inet.InetAddresses] Adding IP addresses for network interface VirtualBox Host-Only Ethernet Adapter-WFP Native MAC Layer LightWeight Filter-0000
2021-02-12T12:01:37.878-0500 [DEBUG] [org.gradle.internal.remote.internal.inet.InetAddresses] Is this a loopback interface? false
2021-02-12T12:01:37.878-0500 [DEBUG] [org.gradle.internal.remote.internal.inet.InetAddresses] Adding IP addresses for network interface Hyper-V Virtual Switch Extension Adapter-Hyper-V Virtual Switch Extension Filter-0000
2021-02-12T12:01:37.880-0500 [DEBUG] [org.gradle.internal.remote.internal.inet.InetAddresses] Is this a loopback interface? false
2021-02-12T12:01:37.880-0500 [DEBUG] [org.gradle.internal.remote.internal.inet.InetAddresses] Adding IP addresses for network interface Hyper-V Virtual Ethernet Adapter-WFP Native MAC Layer LightWeight Filter-0000
2021-02-12T12:01:37.881-0500 [DEBUG] [org.gradle.internal.remote.internal.inet.InetAddresses] Is this a loopback interface? false
2021-02-12T12:01:37.882-0500 [DEBUG] [org.gradle.internal.remote.internal.inet.InetAddresses] Adding IP addresses for network interface Hyper-V Virtual Ethernet Adapter-VirtualBox NDIS Light-Weight Filter-0000
2021-02-12T12:01:37.884-0500 [DEBUG] [org.gradle.internal.remote.internal.inet.InetAddresses] Is this a loopback interface? false
2021-02-12T12:01:37.884-0500 [DEBUG] [org.gradle.internal.remote.internal.inet.InetAddresses] Adding IP addresses for network interface Hyper-V Virtual Ethernet Adapter-QoS Packet Scheduler-0000
2021-02-12T12:01:37.886-0500 [DEBUG] [org.gradle.internal.remote.internal.inet.InetAddresses] Is this a loopback interface? false
2021-02-12T12:01:37.886-0500 [DEBUG] [org.gradle.internal.remote.internal.inet.InetAddresses] Adding IP addresses for network interface Hyper-V Virtual Ethernet Adapter-WFP 802.3 MAC Layer LightWeight Filter-0000
2021-02-12T12:01:37.888-0500 [DEBUG] [org.gradle.internal.remote.internal.inet.InetAddresses] Is this a loopback interface? false
2021-02-12T12:01:37.888-0500 [DEBUG] [org.gradle.internal.remote.internal.inet.InetAddresses] Adding IP addresses for network interface VirtualBox Host-Only Ethernet Adapter-QoS Packet Scheduler-0000
2021-02-12T12:01:37.890-0500 [DEBUG] [org.gradle.internal.remote.internal.inet.InetAddresses] Is this a loopback interface? false
2021-02-12T12:01:37.890-0500 [DEBUG] [org.gradle.internal.remote.internal.inet.InetAddresses] Adding IP addresses for network interface VirtualBox Host-Only Ethernet Adapter-WFP 802.3 MAC Layer LightWeight Filter-0000
2021-02-12T12:01:37.892-0500 [DEBUG] [org.gradle.internal.remote.internal.inet.InetAddresses] Is this a loopback interface? false
2021-02-12T12:01:37.892-0500 [DEBUG] [org.gradle.internal.remote.internal.inet.InetAddresses] Adding IP addresses for network interface Qualcomm Atheros QCA9377 Wireless Network Adapter-WFP Native MAC Layer LightWeight Filter-0000
2021-02-12T12:01:37.894-0500 [DEBUG] [org.gradle.internal.remote.internal.inet.InetAddresses] Is this a loopback interface? false
2021-02-12T12:01:37.894-0500 [DEBUG] [org.gradle.internal.remote.internal.inet.InetAddresses] Adding IP addresses for network interface Qualcomm Atheros QCA9377 Wireless Network Adapter-Virtual WiFi Filter Driver-0000
2021-02-12T12:01:37.896-0500 [DEBUG] [org.gradle.internal.remote.internal.inet.InetAddresses] Is this a loopback interface? false
2021-02-12T12:01:37.896-0500 [DEBUG] [org.gradle.internal.remote.internal.inet.InetAddresses] Adding IP addresses for network interface Qualcomm Atheros QCA9377 Wireless Network Adapter-Native WiFi Filter Driver-0000
2021-02-12T12:01:37.898-0500 [DEBUG] [org.gradle.internal.remote.internal.inet.InetAddresses] Is this a loopback interface? false
2021-02-12T12:01:37.898-0500 [DEBUG] [org.gradle.internal.remote.internal.inet.InetAddresses] Adding IP addresses for network interface Qualcomm Atheros QCA9377 Wireless Network Adapter-VirtualBox NDIS Light-Weight Filter-0000
2021-02-12T12:01:37.900-0500 [DEBUG] [org.gradle.internal.remote.internal.inet.InetAddresses] Is this a loopback interface? false
2021-02-12T12:01:37.900-0500 [DEBUG] [org.gradle.internal.remote.internal.inet.InetAddresses] Adding IP addresses for network interface Qualcomm Atheros QCA9377 Wireless Network Adapter-QoS Packet Scheduler-0000
2021-02-12T12:01:37.902-0500 [DEBUG] [org.gradle.internal.remote.internal.inet.InetAddresses] Is this a loopback interface? false
2021-02-12T12:01:37.902-0500 [DEBUG] [org.gradle.internal.remote.internal.inet.InetAddresses] Adding IP addresses for network interface Qualcomm Atheros QCA9377 Wireless Network Adapter-WFP 802.3 MAC Layer LightWeight Filter-0000
2021-02-12T12:01:37.904-0500 [DEBUG] [org.gradle.internal.remote.internal.inet.InetAddresses] Is this a loopback interface? false
2021-02-12T12:01:37.904-0500 [DEBUG] [org.gradle.internal.remote.internal.inet.InetAddresses] Adding IP addresses for network interface Microsoft Wi-Fi Direct Virtual Adapter-WFP Native MAC Layer LightWeight Filter-0000
2021-02-12T12:01:37.906-0500 [DEBUG] [org.gradle.internal.remote.internal.inet.InetAddresses] Is this a loopback interface? false
2021-02-12T12:01:37.906-0500 [DEBUG] [org.gradle.internal.remote.internal.inet.InetAddresses] Adding IP addresses for network interface Microsoft Wi-Fi Direct Virtual Adapter-Native WiFi Filter Driver-0000
2021-02-12T12:01:37.908-0500 [DEBUG] [org.gradle.internal.remote.internal.inet.InetAddresses] Is this a loopback interface? false
2021-02-12T12:01:37.908-0500 [DEBUG] [org.gradle.internal.remote.internal.inet.InetAddresses] Adding IP addresses for network interface WAN Miniport (IP)-WFP Native MAC Layer LightWeight Filter-0000
2021-02-12T12:01:37.910-0500 [DEBUG] [org.gradle.internal.remote.internal.inet.InetAddresses] Is this a loopback interface? false
2021-02-12T12:01:37.911-0500 [DEBUG] [org.gradle.internal.remote.internal.inet.InetAddresses] Adding IP addresses for network interface WAN Miniport (IP)-QoS Packet Scheduler-0000
2021-02-12T12:01:37.913-0500 [DEBUG] [org.gradle.internal.remote.internal.inet.InetAddresses] Is this a loopback interface? false
2021-02-12T12:01:37.913-0500 [DEBUG] [org.gradle.internal.remote.internal.inet.InetAddresses] Adding IP addresses for network interface WAN Miniport (IPv6)-WFP Native MAC Layer LightWeight Filter-0000
2021-02-12T12:01:37.914-0500 [DEBUG] [org.gradle.internal.remote.internal.inet.InetAddresses] Is this a loopback interface? false
2021-02-12T12:01:37.914-0500 [DEBUG] [org.gradle.internal.remote.internal.inet.InetAddresses] Adding IP addresses for network interface WAN Miniport (IPv6)-QoS Packet Scheduler-0000
2021-02-12T12:01:37.916-0500 [DEBUG] [org.gradle.internal.remote.internal.inet.InetAddresses] Is this a loopback interface? false
2021-02-12T12:01:37.916-0500 [DEBUG] [org.gradle.internal.remote.internal.inet.InetAddresses] Adding IP addresses for network interface WAN Miniport (Network Monitor)-WFP Native MAC Layer LightWeight Filter-0000
2021-02-12T12:01:37.918-0500 [DEBUG] [org.gradle.internal.remote.internal.inet.InetAddresses] Is this a loopback interface? false
2021-02-12T12:01:37.918-0500 [DEBUG] [org.gradle.internal.remote.internal.inet.InetAddresses] Adding IP addresses for network interface WAN Miniport (Network Monitor)-QoS Packet Scheduler-0000
2021-02-12T12:01:37.919-0500 [DEBUG] [org.gradle.internal.remote.internal.inet.InetAddresses] Is this a loopback interface? false
2021-02-12T12:01:37.920-0500 [DEBUG] [org.gradle.internal.remote.internal.inet.InetAddresses] Adding IP addresses for network interface Microsoft Wi-Fi Direct Virtual Adapter-VirtualBox NDIS Light-Weight Filter-0000
2021-02-12T12:01:37.922-0500 [DEBUG] [org.gradle.internal.remote.internal.inet.InetAddresses] Is this a loopback interface? false
2021-02-12T12:01:37.922-0500 [DEBUG] [org.gradle.internal.remote.internal.inet.InetAddresses] Adding IP addresses for network interface Microsoft Wi-Fi Direct Virtual Adapter-QoS Packet Scheduler-0000
2021-02-12T12:01:37.925-0500 [DEBUG] [org.gradle.internal.remote.internal.inet.InetAddresses] Is this a loopback interface? false
2021-02-12T12:01:37.925-0500 [DEBUG] [org.gradle.internal.remote.internal.inet.InetAddresses] Adding IP addresses for network interface Microsoft Wi-Fi Direct Virtual Adapter-WFP 802.3 MAC Layer LightWeight Filter-0000
2021-02-12T12:01:37.926-0500 [DEBUG] [org.gradle.internal.remote.internal.inet.InetAddresses] Is this a loopback interface? false
2021-02-12T12:01:37.927-0500 [DEBUG] [org.gradle.internal.remote.internal.inet.InetAddresses] Adding IP addresses for network interface Microsoft Wi-Fi Direct Virtual Adapter #2-WFP Native MAC Layer LightWeight Filter-0000
2021-02-12T12:01:37.928-0500 [DEBUG] [org.gradle.internal.remote.internal.inet.InetAddresses] Is this a loopback interface? false
2021-02-12T12:01:37.928-0500 [DEBUG] [org.gradle.internal.remote.internal.inet.InetAddresses] Adding IP addresses for network interface Microsoft Wi-Fi Direct Virtual Adapter #2-Native WiFi Filter Driver-0000
2021-02-12T12:01:37.931-0500 [DEBUG] [org.gradle.internal.remote.internal.inet.InetAddresses] Is this a loopback interface? false
2021-02-12T12:01:37.931-0500 [DEBUG] [org.gradle.internal.remote.internal.inet.InetAddresses] Adding IP addresses for network interface Microsoft Wi-Fi Direct Virtual Adapter #2-VirtualBox NDIS Light-Weight Filter-0000
2021-02-12T12:01:37.933-0500 [DEBUG] [org.gradle.internal.remote.internal.inet.InetAddresses] Is this a loopback interface? false
2021-02-12T12:01:37.933-0500 [DEBUG] [org.gradle.internal.remote.internal.inet.InetAddresses] Adding IP addresses for network interface Microsoft Wi-Fi Direct Virtual Adapter #2-QoS Packet Scheduler-0000
2021-02-12T12:01:37.935-0500 [DEBUG] [org.gradle.internal.remote.internal.inet.InetAddresses] Is this a loopback interface? false
2021-02-12T12:01:37.935-0500 [DEBUG] [org.gradle.internal.remote.internal.inet.InetAddresses] Adding IP addresses for network interface Microsoft Wi-Fi Direct Virtual Adapter #2-WFP 802.3 MAC Layer LightWeight Filter-0000
2021-02-12T12:01:37.937-0500 [DEBUG] [org.gradle.internal.remote.internal.inet.InetAddresses] Is this a loopback interface? false
2021-02-12T12:01:37.939-0500 [DEBUG] [org.gradle.internal.remote.internal.inet.TcpIncomingConnector] Listening on [0c45ea01-c7dc-437b-b4aa-3472ccd3e9fd port:55281, addresses:[localhost/127.0.0.1]].
2021-02-12T12:01:37.948-0500 [DEBUG] [org.gradle.launcher.daemon.server.Daemon] Daemon starting at: Fri Feb 12 12:01:37 COT 2021, with address: [0c45ea01-c7dc-437b-b4aa-3472ccd3e9fd port:55281, addresses:[localhost/127.0.0.1]]
2021-02-12T12:01:37.948-0500 [INFO] [org.gradle.launcher.daemon.server.DaemonRegistryUpdater] Advertising the daemon address to the clients: [0c45ea01-c7dc-437b-b4aa-3472ccd3e9fd port:55281, addresses:[localhost/127.0.0.1]]
2021-02-12T12:01:37.948-0500 [DEBUG] [org.gradle.launcher.daemon.server.DaemonRegistryUpdater] Advertised daemon context: DefaultDaemonContext[uid=b408981d-6865-4462-89f0-19017248d685,javaHome=C:\Program Files\Java\jdk-11.0.7,daemonRegistryDir=D:\JavaCensa\Nota-1\daemon,pid=8524,idleTimeout=10800000,priority=NORMAL,daemonOpts=--add-opens,java.base/java.util=ALL-UNNAMED,--add-opens,java.base/java.lang=ALL-UNNAMED,--add-opens,java.base/java.lang.invoke=ALL-UNNAMED,--add-opens,java.prefs/java.util.prefs=ALL-UNNAMED,-XX:MaxMetaspaceSize=256m,-XX:+HeapDumpOnOutOfMemoryError,-Xms256m,-Xmx512m,-Dfile.encoding=windows-1252,-Duser.country=CO,-Duser.language=es,-Duser.variant]
2021-02-12T12:01:37.949-0500 [DEBUG] [org.gradle.launcher.daemon.registry.PersistentDaemonRegistry] Storing daemon address: [0c45ea01-c7dc-437b-b4aa-3472ccd3e9fd port:55281, addresses:[localhost/127.0.0.1]], context: DefaultDaemonContext[uid=b408981d-6865-4462-89f0-19017248d685,javaHome=C:\Program Files\Java\jdk-11.0.7,daemonRegistryDir=D:\JavaCensa\Nota-1\daemon,pid=8524,idleTimeout=10800000,priority=NORMAL,daemonOpts=--add-opens,java.base/java.util=ALL-UNNAMED,--add-opens,java.base/java.lang=ALL-UNNAMED,--add-opens,java.base/java.lang.invoke=ALL-UNNAMED,--add-opens,java.prefs/java.util.prefs=ALL-UNNAMED,-XX:MaxMetaspaceSize=256m,-XX:+HeapDumpOnOutOfMemoryError,-Xms256m,-Xmx512m,-Dfile.encoding=windows-1252,-Duser.country=CO,-Duser.language=es,-Duser.variant]
2021-02-12T12:01:37.958-0500 [DEBUG] [org.gradle.cache.internal.DefaultFileLockManager] Waiting to acquire exclusive lock on daemon addresses registry.
2021-02-12T12:01:37.960-0500 [DEBUG] [org.gradle.cache.internal.DefaultFileLockManager] Lock acquired on daemon addresses registry.
2021-02-12T12:01:37.964-0500 [DEBUG] [org.gradle.cache.internal.DefaultFileLockManager] Releasing lock on daemon addresses registry.
2021-02-12T12:01:37.965-0500 [LIFECYCLE] [org.gradle.launcher.daemon.server.Daemon] Daemon server started.
2021-02-12T12:01:37.966-0500 [DEBUG] [org.gradle.launcher.daemon.bootstrap.DaemonStartupCommunication] Completed writing the daemon greeting. Closing streams...
2021-02-12T12:01:37.971-0500 [DEBUG] [org.gradle.internal.remote.internal.inet.TcpIncomingConnector] Accepted connection from /127.0.0.1:55282 to /127.0.0.1:55281.
2021-02-12T12:01:37.972-0500 [DEBUG] [org.gradle.launcher.daemon.server.Daemon] stopOnExpiration() called on daemon
2021-02-12T12:01:37.974-0500 [DEBUG] [org.gradle.launcher.daemon.server.Daemon] awaitExpiration() called on daemon
2021-02-12T12:01:37.975-0500 [DEBUG] [org.gradle.launcher.daemon.server.DaemonStateCoordinator] daemon is running. Sleeping until state changes.
2021-02-12T12:01:38.025-0500 [DEBUG] [org.gradle.launcher.daemon.server.SynchronizedDispatchConnection] thread 19: received class org.gradle.launcher.daemon.protocol.Build
2021-02-12T12:01:38.025-0500 [DEBUG] [org.gradle.launcher.daemon.server.DefaultDaemonConnection] thread 19: Received non-IO message from client: Build{id=00f4612c-42ff-4233-ada7-2717aadfe687, currentDir=D:\JavaCensa\Nota-3}
2021-02-12T12:01:38.026-0500 [INFO] [org.gradle.launcher.daemon.server.DefaultIncomingConnectionHandler] Received command: Build{id=00f4612c-42ff-4233-ada7-2717aadfe687, currentDir=D:\JavaCensa\Nota-3}.
2021-02-12T12:01:38.026-0500 [DEBUG] [org.gradle.launcher.daemon.server.DefaultIncomingConnectionHandler] Starting executing command: Build{id=00f4612c-42ff-4233-ada7-2717aadfe687, currentDir=D:\JavaCensa\Nota-3} with connection: socket connection from /127.0.0.1:55281 to /127.0.0.1:55282.
2021-02-12T12:01:38.029-0500 [ERROR] [org.gradle.launcher.daemon.server.DaemonStateCoordinator] Command execution: started DaemonCommandExecution[command = Build{id=00f4612c-42ff-4233-ada7-2717aadfe687, currentDir=D:\JavaCensa\Nota-3}, connection = DefaultDaemonConnection: socket connection from /127.0.0.1:55281 to /127.0.0.1:55282] after 0.0 minutes of idle
2021-02-12T12:01:38.029-0500 [INFO] [org.gradle.launcher.daemon.server.DaemonRegistryUpdater] Marking the daemon as busy, address: [0c45ea01-c7dc-437b-b4aa-3472ccd3e9fd port:55281, addresses:[localhost/127.0.0.1]]
2021-02-12T12:01:38.029-0500 [DEBUG] [org.gradle.launcher.daemon.registry.PersistentDaemonRegistry] Marking busy by address: [0c45ea01-c7dc-437b-b4aa-3472ccd3e9fd port:55281, addresses:[localhost/127.0.0.1]]
2021-02-12T12:01:38.030-0500 [DEBUG] [org.gradle.cache.internal.DefaultFileLockManager] Waiting to acquire exclusive lock on daemon addresses registry.
2021-02-12T12:01:38.030-0500 [DEBUG] [org.gradle.cache.internal.DefaultFileLockManager] Lock acquired on daemon addresses registry.
2021-02-12T12:01:38.031-0500 [DEBUG] [org.gradle.cache.internal.DefaultFileLockManager] Releasing lock on daemon addresses registry.
2021-02-12T12:01:38.032-0500 [DEBUG] [org.gradle.launcher.daemon.server.DaemonStateCoordinator] resetting idle timer
2021-02-12T12:01:38.032-0500 [DEBUG] [org.gradle.launcher.daemon.server.DaemonStateCoordinator] daemon is running. Sleeping until state changes.
2021-02-12T12:01:38.033-0500 [INFO] [org.gradle.launcher.daemon.server.exec.StartBuildOrRespondWithBusy] Daemon is about to start building Build{id=00f4612c-42ff-4233-ada7-2717aadfe687, currentDir=D:\JavaCensa\Nota-3}. Dispatching build started information...
2021-02-12T12:01:38.033-0500 [DEBUG] [org.gradle.launcher.daemon.server.SynchronizedDispatchConnection] thread 21: dispatching org.gradle.launcher.daemon.protocol.BuildStarted@4b0f9c8f
2021-02-12T12:01:38.035-0500 [DEBUG] [org.gradle.launcher.daemon.server.exec.EstablishBuildEnvironment] Configuring env variables: {USERDOMAIN_ROAMINGPROFILE=LAPTOP-KLNJPGJO, LOCALAPPDATA=C:\Users\hybri\AppData\Local, PROCESSOR_LEVEL=6, ChocolateyLastPathUpdate=132334169717136157, USERDOMAIN=LAPTOP-KLNJPGJO, FPS_BROWSER_APP_PROFILE_STRING=Internet Explorer, LOGONSERVER=\\LAPTOP-KLNJPGJO, SESSIONNAME=Console, ALLUSERSPROFILE=C:\ProgramData, PROCESSOR_ARCHITECTURE=AMD64, PSModulePath=C:\Program Files\WindowsPowerShell\Modules;C:\Windows\system32\WindowsPowerShell\v1.0\Modules, SystemDrive=C:, OneDrive=C:\Users\hybri\OneDrive, APPDATA=C:\Users\hybri\AppData\Roaming, USERNAME=hybri, ChocolateyInstall=C:\ProgramData\chocolatey, ProgramFiles(x86)=C:\Program Files (x86), VBOX_MSI_INSTALL_PATH=C:\Program Files\Oracle\VirtualBox\, CommonProgramFiles=C:\Program Files\Common Files, Path=C:\Python38\Scripts\;C:\Python38\;C:\Windows\system32;C:\Windows;C:\Windows\System32\Wbem;C:\Windows\System32\WindowsPowerShell\v1.0\;C:\Windows\System32\OpenSSH\;C:\Program Files\nodejs\;C:\ProgramData\chocolatey\bin;C:\Program Files\Git\cmd;C:\Program Files\Microsoft SQL Server\130\Tools\Binn\;C:\Program Files (x86)\PuTTY\;C:\Program Files\Dart\dart-sdk\bin;C:\Program Files\PuTTY\;C:\Users\hybri\AppData\Local\Programs\Microsoft VS Code\bin;C:\src\flutter\bin;C:\Users\hybri\AppData\Local\Microsoft\WindowsApps;C:\Program Files\JetBrains\IntelliJ IDEA Community Edition 2020.1.1\bin;;C:\Users\hybri\AppData\Roaming\npm;C:\Users\hybri\AppData\Roaming\npm\node-modules\angular-cli\bin;C:\Program Files\Java\jdk-11.0.7\bin;C:\Users\hybri\AppData\Roaming\npm;C:\Program Files\Dart\dart-sdk\bin;, FPS_BROWSER_USER_PROFILE_STRING=Default, PATHEXT=.COM;.EXE;.BAT;.CMD;.VBS;.VBE;.JS;.JSE;.WSF;.WSH;.MSC;.PY;.PYW, DriverData=C:\Windows\System32\Drivers\DriverData, OS=Windows_NT, DART_SDK=C:\Program Files\Dart\dart-sdk, OneDriveConsumer=C:\Users\hybri\OneDrive, IntelliJ IDEA Community Edition=C:\Program Files\JetBrains\IntelliJ IDEA Community Edition 2020.1.1\bin;, COMPUTERNAME=LAPTOP-KLNJPGJO, PROCESSOR_REVISION=8e0c, CommonProgramW6432=C:\Program Files\Common Files, ComSpec=C:\Windows\system32\cmd.exe, ProgramData=C:\ProgramData, ProgramW6432=C:\Program Files, HOMEPATH=\Users\hybri, TEMP=C:\Users\hybri\AppData\Local\Temp, SystemRoot=C:\Windows, PROCESSOR_IDENTIFIER=Intel64 Family 6 Model 142 Stepping 12, GenuineIntel, USERPROFILE=C:\Users\hybri, HOMEDRIVE=C:, TMP=C:\Users\hybri\AppData\Local\Temp, PUBLIC=C:\Users\Public, ProgramFiles=C:\Program Files, CommonProgramFiles(x86)=C:\Program Files (x86)\Common Files, NUMBER_OF_PROCESSORS=4, windir=C:\Windows, =::=::\, IDEA_INITIAL_DIRECTORY=C:\Windows\system32}
2021-02-12T12:01:38.042-0500 [DEBUG] [org.gradle.launcher.daemon.server.exec.LogToClient] About to start relaying all logs to the client via the connection.
2021-02-12T12:01:38.042-0500 [INFO] [org.gradle.launcher.daemon.server.exec.LogToClient] The client will now receive all logging from the daemon (pid: 8524). The daemon log file: D:\JavaCensa\Nota-1\daemon\6.1\daemon-8524.out.log
2021-02-12T12:01:38.045-0500 [INFO] [org.gradle.launcher.daemon.server.exec.LogAndCheckHealth] Starting build in new daemon [memory: 536,9 MB]
2021-02-12T12:01:38.052-0500 [DEBUG] [org.gradle.launcher.daemon.server.exec.ExecuteBuild] The daemon has started executing the build.
2021-02-12T12:01:38.052-0500 [DEBUG] [org.gradle.launcher.daemon.server.exec.ExecuteBuild] Executing build with daemon context: DefaultDaemonContext[uid=b408981d-6865-4462-89f0-19017248d685,javaHome=C:\Program Files\Java\jdk-11.0.7,daemonRegistryDir=D:\JavaCensa\Nota-1\daemon,pid=8524,idleTimeout=10800000,priority=NORMAL,daemonOpts=--add-opens,java.base/java.util=ALL-UNNAMED,--add-opens,java.base/java.lang=ALL-UNNAMED,--add-opens,java.base/java.lang.invoke=ALL-UNNAMED,--add-opens,java.prefs/java.util.prefs=ALL-UNNAMED,-XX:MaxMetaspaceSize=256m,-XX:+HeapDumpOnOutOfMemoryError,-Xms256m,-Xmx512m,-Dfile.encoding=windows-1252,-Duser.country=CO,-Duser.language=es,-Duser.variant]
Introduzca su numero de telefono celular: Entrada recibida por teclado es: "1234567899" ... análisis de longitud
La longitud es correcta
Analizando si caracteres son dígitos...1 array 49
 ...ok
Analizando si caracteres son dígitos...2 array 50
 ...ok
Analizando si caracteres son dígitos...3 array 51
 ...ok
 ...ok
 ...ok
 ...ok
 ...ok
 ...ok
 ...ok
 ...ok
Todos los caracteres son números
Proceso de análisis terminó

Deprecated Gradle features were used in this build, making it incompatible with Gradle 7.0.
Use '--warning-mode all' to show the individual deprecation warnings.
See https://docs.gradle.org/6.1/userguide/command_line_interface.html#sec:command_line_warnings

BUILD SUCCESSFUL in 12s
2 actionable tasks: 1 executed, 1 up-to-date
2021-02-12T12:01:49.126-0500 [DEBUG] [org.gradle.launcher.daemon.server.exec.ExecuteBuild] The daemon has finished executing the build.
2021-02-12T12:01:49.128-0500 [ERROR] [system.err] Exception in thread "DisconnectableInputStream source reader" org.gradle.api.UncheckedIOException: java.io.IOException: Pipe broken
2021-02-12T12:01:49.128-0500 [ERROR] [system.err] 	at org.gradle.internal.UncheckedException.throwAsUncheckedException(UncheckedException.java:61)
2021-02-12T12:01:49.129-0500 [ERROR] [system.err] 	at org.gradle.internal.UncheckedException.throwAsUncheckedException(UncheckedException.java:41)
2021-02-12T12:01:49.129-0500 [ERROR] [system.err] 	at org.gradle.util.DisconnectableInputStream$1.run(DisconnectableInputStream.java:127)
2021-02-12T12:01:49.129-0500 [ERROR] [system.err] 	at java.base/java.lang.Thread.run(Thread.java:834)
2021-02-12T12:01:49.129-0500 [ERROR] [system.err] Caused by: java.io.IOException: Pipe broken
2021-02-12T12:01:49.129-0500 [ERROR] [system.err] 	at java.base/java.io.PipedInputStream.read(PipedInputStream.java:321)
2021-02-12T12:01:49.129-0500 [ERROR] [system.err] 	at java.base/java.io.PipedInputStream.read(PipedInputStream.java:377)
2021-02-12T12:01:49.129-0500 [ERROR] [system.err] 	at org.gradle.util.DisconnectableInputStream$1.run(DisconnectableInputStream.java:98)
2021-02-12T12:01:49.130-0500 [ERROR] [system.err] 	... 1 more
2021-02-12T12:01:49.142-0500 [DEBUG] [org.gradle.launcher.daemon.server.DaemonStateCoordinator] daemon is running. Sleeping until state changes.
2021-02-12T12:01:49.143-0500 [DEBUG] [org.gradle.launcher.daemon.server.DaemonStateCoordinator] Command execution: finished waiting for DaemonCommandExecution[command = Build{id=00f4612c-42ff-4233-ada7-2717aadfe687, currentDir=D:\JavaCensa\Nota-3}, connection = DefaultDaemonConnection: socket connection from /127.0.0.1:55281 to /127.0.0.1:55282]. Result org.gradle.launcher.daemon.server.DaemonStateCoordinator@721a4cfe with state Busy
2021-02-12T12:01:49.143-0500 [DEBUG] [org.gradle.launcher.daemon.server.DaemonStateCoordinator] Command execution: completed DaemonCommandExecution[command = Build{id=00f4612c-42ff-4233-ada7-2717aadfe687, currentDir=D:\JavaCensa\Nota-3}, connection = DefaultDaemonConnection: socket connection from /127.0.0.1:55281 to /127.0.0.1:55282]
2021-02-12T12:01:49.143-0500 [DEBUG] [org.gradle.launcher.daemon.server.DaemonStateCoordinator] resetting idle timer
2021-02-12T12:01:49.143-0500 [INFO] [org.gradle.launcher.daemon.server.DaemonRegistryUpdater] Marking the daemon as idle, address: [0c45ea01-c7dc-437b-b4aa-3472ccd3e9fd port:55281, addresses:[localhost/127.0.0.1]]
2021-02-12T12:01:49.143-0500 [DEBUG] [org.gradle.launcher.daemon.registry.PersistentDaemonRegistry] Marking busy by address: [0c45ea01-c7dc-437b-b4aa-3472ccd3e9fd port:55281, addresses:[localhost/127.0.0.1]]
2021-02-12T12:01:49.144-0500 [DEBUG] [org.gradle.cache.internal.DefaultFileLockManager] Waiting to acquire exclusive lock on daemon addresses registry.
2021-02-12T12:01:49.144-0500 [DEBUG] [org.gradle.cache.internal.DefaultFileLockManager] Lock acquired on daemon addresses registry.
2021-02-12T12:01:49.145-0500 [DEBUG] [org.gradle.cache.internal.DefaultFileLockManager] Releasing lock on daemon addresses registry.
2021-02-12T12:01:49.146-0500 [DEBUG] [org.gradle.launcher.daemon.server.DaemonStateCoordinator] daemon is running. Sleeping until state changes.
2021-02-12T12:01:49.146-0500 [DEBUG] [org.gradle.launcher.daemon.server.exec.ReturnResult] Daemon is dispatching the build result: Success[value=org.gradle.launcher.exec.BuildActionResult@4eb2925d]
2021-02-12T12:01:49.146-0500 [DEBUG] [org.gradle.launcher.daemon.server.SynchronizedDispatchConnection] thread 18: dispatching Success[value=org.gradle.launcher.exec.BuildActionResult@4eb2925d]
2021-02-12T12:01:49.147-0500 [DEBUG] [org.gradle.launcher.daemon.server.DefaultIncomingConnectionHandler] Finishing executing command: Build{id=00f4612c-42ff-4233-ada7-2717aadfe687, currentDir=D:\JavaCensa\Nota-3}
2021-02-12T12:01:49.147-0500 [DEBUG] [org.gradle.launcher.daemon.server.SynchronizedDispatchConnection] thread 19: received class org.gradle.launcher.daemon.protocol.CloseInput
2021-02-12T12:01:49.147-0500 [DEBUG] [org.gradle.launcher.daemon.server.DefaultDaemonConnection] thread 19: Received IO message from client: org.gradle.launcher.daemon.protocol.CloseInput@2790e32b
2021-02-12T12:01:49.147-0500 [DEBUG] [org.gradle.launcher.daemon.server.SynchronizedDispatchConnection] thread 19: received class org.gradle.launcher.daemon.protocol.Finished
2021-02-12T12:01:49.148-0500 [DEBUG] [org.gradle.launcher.daemon.server.DefaultDaemonConnection] thread 19: Received non-IO message from client: org.gradle.launcher.daemon.protocol.Finished@55658da
2021-02-12T12:01:49.148-0500 [DEBUG] [org.gradle.internal.remote.internal.inet.SocketConnection] Discarding EOFException: java.io.EOFException
2021-02-12T12:01:49.148-0500 [DEBUG] [org.gradle.launcher.daemon.server.SynchronizedDispatchConnection] thread 19: received null
2021-02-12T12:01:49.148-0500 [DEBUG] [org.gradle.launcher.daemon.server.DefaultDaemonConnection] thread 19: Received end-of-input from client.
2021-02-12T12:01:49.148-0500 [DEBUG] [org.gradle.launcher.daemon.server.DefaultIncomingConnectionHandler] Received finished message: org.gradle.launcher.daemon.protocol.Finished@55658da
2021-02-12T12:01:49.150-0500 [DEBUG] [org.gradle.launcher.daemon.server.SynchronizedDispatchConnection] thread 18: stopping connection
2021-02-12T12:01:49.152-0500 [DEBUG] [org.gradle.launcher.daemon.server.SynchronizedDispatchConnection] thread 18: stopping connection
2021-02-12T12:01:57.986-0500 [DEBUG] [org.gradle.cache.internal.DefaultFileLockManager] Waiting to acquire shared lock on daemon addresses registry.
2021-02-12T12:01:57.986-0500 [DEBUG] [org.gradle.cache.internal.DefaultFileLockManager] Lock acquired on daemon addresses registry.
2021-02-12T12:01:57.987-0500 [DEBUG] [org.gradle.cache.internal.DefaultFileLockManager] Releasing lock on daemon addresses registry.
2021-02-12T12:01:57.987-0500 [DEBUG] [org.gradle.cache.internal.DefaultFileLockManager] Waiting to acquire shared lock on daemon addresses registry.
2021-02-12T12:01:57.988-0500 [DEBUG] [org.gradle.cache.internal.DefaultFileLockManager] Lock acquired on daemon addresses registry.
2021-02-12T12:01:57.988-0500 [DEBUG] [org.gradle.cache.internal.DefaultFileLockManager] Releasing lock on daemon addresses registry.
2021-02-12T12:02:07.983-0500 [DEBUG] [org.gradle.cache.internal.DefaultFileLockManager] Waiting to acquire shared lock on daemon addresses registry.
2021-02-12T12:02:07.983-0500 [DEBUG] [org.gradle.cache.internal.DefaultFileLockManager] Lock acquired on daemon addresses registry.
2021-02-12T12:02:07.984-0500 [DEBUG] [org.gradle.cache.internal.DefaultFileLockManager] Releasing lock on daemon addresses registry.
2021-02-12T12:02:07.985-0500 [DEBUG] [org.gradle.cache.internal.DefaultFileLockManager] Waiting to acquire shared lock on daemon addresses registry.
2021-02-12T12:02:07.985-0500 [DEBUG] [org.gradle.cache.internal.DefaultFileLockManager] Lock acquired on daemon addresses registry.
2021-02-12T12:02:07.985-0500 [DEBUG] [org.gradle.cache.internal.DefaultFileLockManager] Releasing lock on daemon addresses registry.
2021-02-12T12:02:07.986-0500 [DEBUG] [org.gradle.cache.internal.DefaultFileLockManager] Waiting to acquire shared lock on daemon addresses registry.
2021-02-12T12:02:07.986-0500 [DEBUG] [org.gradle.cache.internal.DefaultFileLockManager] Lock acquired on daemon addresses registry.
2021-02-12T12:02:07.987-0500 [DEBUG] [org.gradle.cache.internal.DefaultFileLockManager] Releasing lock on daemon addresses registry.
2021-02-12T12:02:17.983-0500 [DEBUG] [org.gradle.cache.internal.DefaultFileLockManager] Waiting to acquire shared lock on daemon addresses registry.
2021-02-12T12:02:17.984-0500 [DEBUG] [org.gradle.cache.internal.DefaultFileLockManager] Lock acquired on daemon addresses registry.
2021-02-12T12:02:17.985-0500 [DEBUG] [org.gradle.cache.internal.DefaultFileLockManager] Releasing lock on daemon addresses registry.
2021-02-12T12:02:17.985-0500 [DEBUG] [org.gradle.cache.internal.DefaultFileLockManager] Waiting to acquire shared lock on daemon addresses registry.
2021-02-12T12:02:17.985-0500 [DEBUG] [org.gradle.cache.internal.DefaultFileLockManager] Lock acquired on daemon addresses registry.
2021-02-12T12:02:17.986-0500 [DEBUG] [org.gradle.cache.internal.DefaultFileLockManager] Releasing lock on daemon addresses registry.
2021-02-12T12:02:17.987-0500 [DEBUG] [org.gradle.cache.internal.DefaultFileLockManager] Waiting to acquire shared lock on daemon addresses registry.
2021-02-12T12:02:17.987-0500 [DEBUG] [org.gradle.cache.internal.DefaultFileLockManager] Lock acquired on daemon addresses registry.
2021-02-12T12:02:17.987-0500 [DEBUG] [org.gradle.cache.internal.DefaultFileLockManager] Releasing lock on daemon addresses registry.
2021-02-12T12:02:27.989-0500 [DEBUG] [org.gradle.cache.internal.DefaultFileLockManager] Waiting to acquire shared lock on daemon addresses registry.
2021-02-12T12:02:27.989-0500 [DEBUG] [org.gradle.cache.internal.DefaultFileLockManager] Lock acquired on daemon addresses registry.
2021-02-12T12:02:27.990-0500 [DEBUG] [org.gradle.cache.internal.DefaultFileLockManager] Releasing lock on daemon addresses registry.
2021-02-12T12:02:27.990-0500 [DEBUG] [org.gradle.cache.internal.DefaultFileLockManager] Waiting to acquire shared lock on daemon addresses registry.
2021-02-12T12:02:27.990-0500 [DEBUG] [org.gradle.cache.internal.DefaultFileLockManager] Lock acquired on daemon addresses registry.
2021-02-12T12:02:27.991-0500 [DEBUG] [org.gradle.cache.internal.DefaultFileLockManager] Releasing lock on daemon addresses registry.
2021-02-12T12:02:27.991-0500 [DEBUG] [org.gradle.cache.internal.DefaultFileLockManager] Waiting to acquire shared lock on daemon addresses registry.
2021-02-12T12:02:27.991-0500 [DEBUG] [org.gradle.cache.internal.DefaultFileLockManager] Lock acquired on daemon addresses registry.
2021-02-12T12:02:27.992-0500 [DEBUG] [org.gradle.cache.internal.DefaultFileLockManager] Releasing lock on daemon addresses registry.
2021-02-12T12:02:37.988-0500 [DEBUG] [org.gradle.cache.internal.DefaultFileLockManager] Waiting to acquire shared lock on daemon addresses registry.
2021-02-12T12:02:37.988-0500 [DEBUG] [org.gradle.cache.internal.DefaultFileLockManager] Lock acquired on daemon addresses registry.
2021-02-12T12:02:37.989-0500 [DEBUG] [org.gradle.cache.internal.DefaultFileLockManager] Releasing lock on daemon addresses registry.
2021-02-12T12:02:37.989-0500 [DEBUG] [org.gradle.cache.internal.DefaultFileLockManager] Waiting to acquire shared lock on daemon addresses registry.
2021-02-12T12:02:37.989-0500 [DEBUG] [org.gradle.cache.internal.DefaultFileLockManager] Lock acquired on daemon addresses registry.
2021-02-12T12:02:37.990-0500 [DEBUG] [org.gradle.cache.internal.DefaultFileLockManager] Releasing lock on daemon addresses registry.
2021-02-12T12:02:37.990-0500 [DEBUG] [org.gradle.cache.internal.DefaultFileLockManager] Waiting to acquire shared lock on daemon addresses registry.
2021-02-12T12:02:37.990-0500 [DEBUG] [org.gradle.cache.internal.DefaultFileLockManager] Lock acquired on daemon addresses registry.
2021-02-12T12:02:37.991-0500 [DEBUG] [org.gradle.cache.internal.DefaultFileLockManager] Releasing lock on daemon addresses registry.
2021-02-12T12:02:47.985-0500 [DEBUG] [org.gradle.cache.internal.DefaultFileLockManager] Waiting to acquire shared lock on daemon addresses registry.
2021-02-12T12:02:47.985-0500 [DEBUG] [org.gradle.cache.internal.DefaultFileLockManager] Lock acquired on daemon addresses registry.
2021-02-12T12:02:47.987-0500 [DEBUG] [org.gradle.cache.internal.DefaultFileLockManager] Releasing lock on daemon addresses registry.
2021-02-12T12:02:47.987-0500 [DEBUG] [org.gradle.cache.internal.DefaultFileLockManager] Waiting to acquire shared lock on daemon addresses registry.
2021-02-12T12:02:47.988-0500 [DEBUG] [org.gradle.cache.internal.DefaultFileLockManager] Lock acquired on daemon addresses registry.
2021-02-12T12:02:47.989-0500 [DEBUG] [org.gradle.cache.internal.DefaultFileLockManager] Releasing lock on daemon addresses registry.
2021-02-12T12:02:47.989-0500 [DEBUG] [org.gradle.cache.internal.DefaultFileLockManager] Waiting to acquire shared lock on daemon addresses registry.
2021-02-12T12:02:47.989-0500 [DEBUG] [org.gradle.cache.internal.DefaultFileLockManager] Lock acquired on daemon addresses registry.
2021-02-12T12:02:47.990-0500 [DEBUG] [org.gradle.cache.internal.DefaultFileLockManager] Releasing lock on daemon addresses registry.
2021-02-12T12:02:57.982-0500 [DEBUG] [org.gradle.cache.internal.DefaultFileLockManager] Waiting to acquire shared lock on daemon addresses registry.
2021-02-12T12:02:57.983-0500 [DEBUG] [org.gradle.cache.internal.DefaultFileLockManager] Lock acquired on daemon addresses registry.
2021-02-12T12:02:57.983-0500 [DEBUG] [org.gradle.cache.internal.DefaultFileLockManager] Releasing lock on daemon addresses registry.
2021-02-12T12:02:57.984-0500 [DEBUG] [org.gradle.cache.internal.DefaultFileLockManager] Waiting to acquire shared lock on daemon addresses registry.
2021-02-12T12:02:57.984-0500 [DEBUG] [org.gradle.cache.internal.DefaultFileLockManager] Lock acquired on daemon addresses registry.
2021-02-12T12:02:57.984-0500 [DEBUG] [org.gradle.cache.internal.DefaultFileLockManager] Releasing lock on daemon addresses registry.
2021-02-12T12:02:57.985-0500 [DEBUG] [org.gradle.cache.internal.DefaultFileLockManager] Waiting to acquire shared lock on daemon addresses registry.
2021-02-12T12:02:57.985-0500 [DEBUG] [org.gradle.cache.internal.DefaultFileLockManager] Lock acquired on daemon addresses registry.
2021-02-12T12:02:57.986-0500 [DEBUG] [org.gradle.cache.internal.DefaultFileLockManager] Releasing lock on daemon addresses registry.
2021-02-12T12:03:07.990-0500 [DEBUG] [org.gradle.cache.internal.DefaultFileLockManager] Waiting to acquire shared lock on daemon addresses registry.
2021-02-12T12:03:07.990-0500 [DEBUG] [org.gradle.cache.internal.DefaultFileLockManager] Lock acquired on daemon addresses registry.
2021-02-12T12:03:07.990-0500 [DEBUG] [org.gradle.cache.internal.DefaultFileLockManager] Releasing lock on daemon addresses registry.
2021-02-12T12:03:07.991-0500 [DEBUG] [org.gradle.cache.internal.DefaultFileLockManager] Waiting to acquire shared lock on daemon addresses registry.
2021-02-12T12:03:07.991-0500 [DEBUG] [org.gradle.cache.internal.DefaultFileLockManager] Lock acquired on daemon addresses registry.
2021-02-12T12:03:07.992-0500 [DEBUG] [org.gradle.cache.internal.DefaultFileLockManager] Releasing lock on daemon addresses registry.
2021-02-12T12:03:07.993-0500 [DEBUG] [org.gradle.cache.internal.DefaultFileLockManager] Waiting to acquire shared lock on daemon addresses registry.
2021-02-12T12:03:07.993-0500 [DEBUG] [org.gradle.cache.internal.DefaultFileLockManager] Lock acquired on daemon addresses registry.
2021-02-12T12:03:07.993-0500 [DEBUG] [org.gradle.cache.internal.DefaultFileLockManager] Releasing lock on daemon addresses registry.
2021-02-12T12:03:17.980-0500 [DEBUG] [org.gradle.cache.internal.DefaultFileLockManager] Waiting to acquire shared lock on daemon addresses registry.
2021-02-12T12:03:17.980-0500 [DEBUG] [org.gradle.cache.internal.DefaultFileLockManager] Lock acquired on daemon addresses registry.
2021-02-12T12:03:17.981-0500 [DEBUG] [org.gradle.cache.internal.DefaultFileLockManager] Releasing lock on daemon addresses registry.
2021-02-12T12:03:17.982-0500 [DEBUG] [org.gradle.cache.internal.DefaultFileLockManager] Waiting to acquire shared lock on daemon addresses registry.
2021-02-12T12:03:17.982-0500 [DEBUG] [org.gradle.cache.internal.DefaultFileLockManager] Lock acquired on daemon addresses registry.
2021-02-12T12:03:17.983-0500 [DEBUG] [org.gradle.cache.internal.DefaultFileLockManager] Releasing lock on daemon addresses registry.
2021-02-12T12:03:17.983-0500 [DEBUG] [org.gradle.cache.internal.DefaultFileLockManager] Waiting to acquire shared lock on daemon addresses registry.
2021-02-12T12:03:17.984-0500 [DEBUG] [org.gradle.cache.internal.DefaultFileLockManager] Lock acquired on daemon addresses registry.
2021-02-12T12:03:17.986-0500 [DEBUG] [org.gradle.cache.internal.DefaultFileLockManager] Releasing lock on daemon addresses registry.
2021-02-12T12:03:27.990-0500 [DEBUG] [org.gradle.cache.internal.DefaultFileLockManager] Waiting to acquire shared lock on daemon addresses registry.
2021-02-12T12:03:27.990-0500 [DEBUG] [org.gradle.cache.internal.DefaultFileLockManager] Lock acquired on daemon addresses registry.
2021-02-12T12:03:27.991-0500 [DEBUG] [org.gradle.cache.internal.DefaultFileLockManager] Releasing lock on daemon addresses registry.
2021-02-12T12:03:27.991-0500 [DEBUG] [org.gradle.cache.internal.DefaultFileLockManager] Waiting to acquire shared lock on daemon addresses registry.
2021-02-12T12:03:27.991-0500 [DEBUG] [org.gradle.cache.internal.DefaultFileLockManager] Lock acquired on daemon addresses registry.
2021-02-12T12:03:27.992-0500 [DEBUG] [org.gradle.cache.internal.DefaultFileLockManager] Releasing lock on daemon addresses registry.
2021-02-12T12:03:27.992-0500 [DEBUG] [org.gradle.cache.internal.DefaultFileLockManager] Waiting to acquire shared lock on daemon addresses registry.
2021-02-12T12:03:27.992-0500 [DEBUG] [org.gradle.cache.internal.DefaultFileLockManager] Lock acquired on daemon addresses registry.
2021-02-12T12:03:27.993-0500 [DEBUG] [org.gradle.cache.internal.DefaultFileLockManager] Releasing lock on daemon addresses registry.
2021-02-12T12:03:37.975-0500 [DEBUG] [org.gradle.cache.internal.DefaultFileLockManager] Waiting to acquire shared lock on daemon addresses registry.
2021-02-12T12:03:37.975-0500 [DEBUG] [org.gradle.cache.internal.DefaultFileLockManager] Lock acquired on daemon addresses registry.
2021-02-12T12:03:37.976-0500 [DEBUG] [org.gradle.cache.internal.DefaultFileLockManager] Releasing lock on daemon addresses registry.
2021-02-12T12:03:37.976-0500 [DEBUG] [org.gradle.cache.internal.DefaultFileLockManager] Waiting to acquire shared lock on daemon addresses registry.
2021-02-12T12:03:37.976-0500 [DEBUG] [org.gradle.cache.internal.DefaultFileLockManager] Lock acquired on daemon addresses registry.
2021-02-12T12:03:37.977-0500 [DEBUG] [org.gradle.cache.internal.DefaultFileLockManager] Releasing lock on daemon addresses registry.
2021-02-12T12:03:37.977-0500 [DEBUG] [org.gradle.cache.internal.DefaultFileLockManager] Waiting to acquire shared lock on daemon addresses registry.
2021-02-12T12:03:37.977-0500 [DEBUG] [org.gradle.cache.internal.DefaultFileLockManager] Lock acquired on daemon addresses registry.
2021-02-12T12:03:37.978-0500 [DEBUG] [org.gradle.cache.internal.DefaultFileLockManager] Releasing lock on daemon addresses registry.
2021-02-12T12:03:47.988-0500 [DEBUG] [org.gradle.cache.internal.DefaultFileLockManager] Waiting to acquire shared lock on daemon addresses registry.
2021-02-12T12:03:47.988-0500 [DEBUG] [org.gradle.cache.internal.DefaultFileLockManager] Lock acquired on daemon addresses registry.
2021-02-12T12:03:47.989-0500 [DEBUG] [org.gradle.cache.internal.DefaultFileLockManager] Releasing lock on daemon addresses registry.
2021-02-12T12:03:47.990-0500 [DEBUG] [org.gradle.cache.internal.DefaultFileLockManager] Waiting to acquire shared lock on daemon addresses registry.
2021-02-12T12:03:47.990-0500 [DEBUG] [org.gradle.cache.internal.DefaultFileLockManager] Lock acquired on daemon addresses registry.
2021-02-12T12:03:47.991-0500 [DEBUG] [org.gradle.cache.internal.DefaultFileLockManager] Releasing lock on daemon addresses registry.
2021-02-12T12:03:47.991-0500 [DEBUG] [org.gradle.cache.internal.DefaultFileLockManager] Waiting to acquire shared lock on daemon addresses registry.
2021-02-12T12:03:47.991-0500 [DEBUG] [org.gradle.cache.internal.DefaultFileLockManager] Lock acquired on daemon addresses registry.
2021-02-12T12:03:47.992-0500 [DEBUG] [org.gradle.cache.internal.DefaultFileLockManager] Releasing lock on daemon addresses registry.
2021-02-12T12:03:57.976-0500 [DEBUG] [org.gradle.cache.internal.DefaultFileLockManager] Waiting to acquire shared lock on daemon addresses registry.
2021-02-12T12:03:57.977-0500 [DEBUG] [org.gradle.cache.internal.DefaultFileLockManager] Lock acquired on daemon addresses registry.
2021-02-12T12:03:57.978-0500 [DEBUG] [org.gradle.cache.internal.DefaultFileLockManager] Releasing lock on daemon addresses registry.
2021-02-12T12:03:57.978-0500 [DEBUG] [org.gradle.cache.internal.DefaultFileLockManager] Waiting to acquire shared lock on daemon addresses registry.
2021-02-12T12:03:57.978-0500 [DEBUG] [org.gradle.cache.internal.DefaultFileLockManager] Lock acquired on daemon addresses registry.
2021-02-12T12:03:57.979-0500 [DEBUG] [org.gradle.cache.internal.DefaultFileLockManager] Releasing lock on daemon addresses registry.
2021-02-12T12:03:57.979-0500 [DEBUG] [org.gradle.cache.internal.DefaultFileLockManager] Waiting to acquire shared lock on daemon addresses registry.
2021-02-12T12:03:57.979-0500 [DEBUG] [org.gradle.cache.internal.DefaultFileLockManager] Lock acquired on daemon addresses registry.
2021-02-12T12:03:57.980-0500 [DEBUG] [org.gradle.cache.internal.DefaultFileLockManager] Releasing lock on daemon addresses registry.
2021-02-12T12:04:07.989-0500 [DEBUG] [org.gradle.cache.internal.DefaultFileLockManager] Waiting to acquire shared lock on daemon addresses registry.
2021-02-12T12:04:07.989-0500 [DEBUG] [org.gradle.cache.internal.DefaultFileLockManager] Lock acquired on daemon addresses registry.
2021-02-12T12:04:07.990-0500 [DEBUG] [org.gradle.cache.internal.DefaultFileLockManager] Releasing lock on daemon addresses registry.
2021-02-12T12:04:07.990-0500 [DEBUG] [org.gradle.cache.internal.DefaultFileLockManager] Waiting to acquire shared lock on daemon addresses registry.
2021-02-12T12:04:07.990-0500 [DEBUG] [org.gradle.cache.internal.DefaultFileLockManager] Lock acquired on daemon addresses registry.
2021-02-12T12:04:07.991-0500 [DEBUG] [org.gradle.cache.internal.DefaultFileLockManager] Releasing lock on daemon addresses registry.
2021-02-12T12:04:07.991-0500 [DEBUG] [org.gradle.cache.internal.DefaultFileLockManager] Waiting to acquire shared lock on daemon addresses registry.
2021-02-12T12:04:07.991-0500 [DEBUG] [org.gradle.cache.internal.DefaultFileLockManager] Lock acquired on daemon addresses registry.
2021-02-12T12:04:07.992-0500 [DEBUG] [org.gradle.cache.internal.DefaultFileLockManager] Releasing lock on daemon addresses registry.
2021-02-12T12:04:17.978-0500 [DEBUG] [org.gradle.cache.internal.DefaultFileLockManager] Waiting to acquire shared lock on daemon addresses registry.
2021-02-12T12:04:17.978-0500 [DEBUG] [org.gradle.cache.internal.DefaultFileLockManager] Lock acquired on daemon addresses registry.
2021-02-12T12:04:17.980-0500 [DEBUG] [org.gradle.cache.internal.DefaultFileLockManager] Releasing lock on daemon addresses registry.
2021-02-12T12:04:17.980-0500 [DEBUG] [org.gradle.cache.internal.DefaultFileLockManager] Waiting to acquire shared lock on daemon addresses registry.
2021-02-12T12:04:17.980-0500 [DEBUG] [org.gradle.cache.internal.DefaultFileLockManager] Lock acquired on daemon addresses registry.
2021-02-12T12:04:17.982-0500 [DEBUG] [org.gradle.cache.internal.DefaultFileLockManager] Releasing lock on daemon addresses registry.
2021-02-12T12:04:17.982-0500 [DEBUG] [org.gradle.cache.internal.DefaultFileLockManager] Waiting to acquire shared lock on daemon addresses registry.
2021-02-12T12:04:17.983-0500 [DEBUG] [org.gradle.cache.internal.DefaultFileLockManager] Lock acquired on daemon addresses registry.
2021-02-12T12:04:17.984-0500 [DEBUG] [org.gradle.cache.internal.DefaultFileLockManager] Releasing lock on daemon addresses registry.
2021-02-12T12:04:27.979-0500 [DEBUG] [org.gradle.cache.internal.DefaultFileLockManager] Waiting to acquire shared lock on daemon addresses registry.
2021-02-12T12:04:27.979-0500 [DEBUG] [org.gradle.cache.internal.DefaultFileLockManager] Lock acquired on daemon addresses registry.
2021-02-12T12:04:27.979-0500 [DEBUG] [org.gradle.cache.internal.DefaultFileLockManager] Releasing lock on daemon addresses registry.
2021-02-12T12:04:27.980-0500 [DEBUG] [org.gradle.cache.internal.DefaultFileLockManager] Waiting to acquire shared lock on daemon addresses registry.
2021-02-12T12:04:27.980-0500 [DEBUG] [org.gradle.cache.internal.DefaultFileLockManager] Lock acquired on daemon addresses registry.
2021-02-12T12:04:27.981-0500 [DEBUG] [org.gradle.cache.internal.DefaultFileLockManager] Releasing lock on daemon addresses registry.
2021-02-12T12:04:27.981-0500 [DEBUG] [org.gradle.cache.internal.DefaultFileLockManager] Waiting to acquire shared lock on daemon addresses registry.
2021-02-12T12:04:27.981-0500 [DEBUG] [org.gradle.cache.internal.DefaultFileLockManager] Lock acquired on daemon addresses registry.
2021-02-12T12:04:27.982-0500 [DEBUG] [org.gradle.cache.internal.DefaultFileLockManager] Releasing lock on daemon addresses registry.
2021-02-12T12:04:37.984-0500 [DEBUG] [org.gradle.cache.internal.DefaultFileLockManager] Waiting to acquire shared lock on daemon addresses registry.
2021-02-12T12:04:37.984-0500 [DEBUG] [org.gradle.cache.internal.DefaultFileLockManager] Lock acquired on daemon addresses registry.
2021-02-12T12:04:37.984-0500 [DEBUG] [org.gradle.cache.internal.DefaultFileLockManager] Releasing lock on daemon addresses registry.
2021-02-12T12:04:37.985-0500 [DEBUG] [org.gradle.cache.internal.DefaultFileLockManager] Waiting to acquire shared lock on daemon addresses registry.
2021-02-12T12:04:37.985-0500 [DEBUG] [org.gradle.cache.internal.DefaultFileLockManager] Lock acquired on daemon addresses registry.
2021-02-12T12:04:37.985-0500 [DEBUG] [org.gradle.cache.internal.DefaultFileLockManager] Releasing lock on daemon addresses registry.
2021-02-12T12:04:37.986-0500 [DEBUG] [org.gradle.cache.internal.DefaultFileLockManager] Waiting to acquire shared lock on daemon addresses registry.
2021-02-12T12:04:37.986-0500 [DEBUG] [org.gradle.cache.internal.DefaultFileLockManager] Lock acquired on daemon addresses registry.
2021-02-12T12:04:37.986-0500 [DEBUG] [org.gradle.cache.internal.DefaultFileLockManager] Releasing lock on daemon addresses registry.
2021-02-12T12:04:47.986-0500 [DEBUG] [org.gradle.cache.internal.DefaultFileLockManager] Waiting to acquire shared lock on daemon addresses registry.
2021-02-12T12:04:47.987-0500 [DEBUG] [org.gradle.cache.internal.DefaultFileLockManager] Lock acquired on daemon addresses registry.
2021-02-12T12:04:47.988-0500 [DEBUG] [org.gradle.cache.internal.DefaultFileLockManager] Releasing lock on daemon addresses registry.
2021-02-12T12:04:47.989-0500 [DEBUG] [org.gradle.cache.internal.DefaultFileLockManager] Waiting to acquire shared lock on daemon addresses registry.
2021-02-12T12:04:47.989-0500 [DEBUG] [org.gradle.cache.internal.DefaultFileLockManager] Lock acquired on daemon addresses registry.
2021-02-12T12:04:47.990-0500 [DEBUG] [org.gradle.cache.internal.DefaultFileLockManager] Releasing lock on daemon addresses registry.
2021-02-12T12:04:47.990-0500 [DEBUG] [org.gradle.cache.internal.DefaultFileLockManager] Waiting to acquire shared lock on daemon addresses registry.
2021-02-12T12:04:47.991-0500 [DEBUG] [org.gradle.cache.internal.DefaultFileLockManager] Lock acquired on daemon addresses registry.
2021-02-12T12:04:47.991-0500 [DEBUG] [org.gradle.cache.internal.DefaultFileLockManager] Releasing lock on daemon addresses registry.
2021-02-12T12:04:50.195-0500 [DEBUG] [org.gradle.internal.remote.internal.inet.TcpIncomingConnector] Accepted connection from /127.0.0.1:55323 to /127.0.0.1:55281.
2021-02-12T12:04:50.204-0500 [DEBUG] [org.gradle.launcher.daemon.server.SynchronizedDispatchConnection] thread 50: received class org.gradle.launcher.daemon.protocol.Build
2021-02-12T12:04:50.204-0500 [DEBUG] [org.gradle.launcher.daemon.server.DefaultDaemonConnection] thread 50: Received non-IO message from client: Build{id=891e32d7-a01e-4d5b-9002-253d843555ba, currentDir=D:\JavaCensa\Nota-3}
2021-02-12T12:04:50.204-0500 [INFO] [org.gradle.launcher.daemon.server.DefaultIncomingConnectionHandler] Received command: Build{id=891e32d7-a01e-4d5b-9002-253d843555ba, currentDir=D:\JavaCensa\Nota-3}.
2021-02-12T12:04:50.204-0500 [DEBUG] [org.gradle.launcher.daemon.server.DefaultIncomingConnectionHandler] Starting executing command: Build{id=891e32d7-a01e-4d5b-9002-253d843555ba, currentDir=D:\JavaCensa\Nota-3} with connection: socket connection from /127.0.0.1:55281 to /127.0.0.1:55323.
2021-02-12T12:04:50.205-0500 [ERROR] [org.gradle.launcher.daemon.server.DaemonStateCoordinator] Command execution: started DaemonCommandExecution[command = Build{id=891e32d7-a01e-4d5b-9002-253d843555ba, currentDir=D:\JavaCensa\Nota-3}, connection = DefaultDaemonConnection: socket connection from /127.0.0.1:55281 to /127.0.0.1:55323] after 3.0 minutes of idle
2021-02-12T12:04:50.205-0500 [INFO] [org.gradle.launcher.daemon.server.DaemonRegistryUpdater] Marking the daemon as busy, address: [0c45ea01-c7dc-437b-b4aa-3472ccd3e9fd port:55281, addresses:[localhost/127.0.0.1]]
2021-02-12T12:04:50.206-0500 [DEBUG] [org.gradle.launcher.daemon.registry.PersistentDaemonRegistry] Marking busy by address: [0c45ea01-c7dc-437b-b4aa-3472ccd3e9fd port:55281, addresses:[localhost/127.0.0.1]]
2021-02-12T12:04:50.206-0500 [DEBUG] [org.gradle.cache.internal.DefaultFileLockManager] Waiting to acquire exclusive lock on daemon addresses registry.
2021-02-12T12:04:50.207-0500 [DEBUG] [org.gradle.cache.internal.DefaultFileLockManager] Lock acquired on daemon addresses registry.
2021-02-12T12:04:50.208-0500 [DEBUG] [org.gradle.cache.internal.DefaultFileLockManager] Releasing lock on daemon addresses registry.
2021-02-12T12:04:50.209-0500 [DEBUG] [org.gradle.launcher.daemon.server.DaemonStateCoordinator] resetting idle timer
2021-02-12T12:04:50.209-0500 [DEBUG] [org.gradle.launcher.daemon.server.DaemonStateCoordinator] daemon is running. Sleeping until state changes.
2021-02-12T12:04:50.209-0500 [INFO] [org.gradle.launcher.daemon.server.exec.StartBuildOrRespondWithBusy] Daemon is about to start building Build{id=891e32d7-a01e-4d5b-9002-253d843555ba, currentDir=D:\JavaCensa\Nota-3}. Dispatching build started information...
2021-02-12T12:04:50.210-0500 [DEBUG] [org.gradle.launcher.daemon.server.SynchronizedDispatchConnection] thread 52: dispatching org.gradle.launcher.daemon.protocol.BuildStarted@73d8f945
2021-02-12T12:04:50.211-0500 [DEBUG] [org.gradle.launcher.daemon.server.exec.EstablishBuildEnvironment] Configuring env variables: {USERDOMAIN_ROAMINGPROFILE=LAPTOP-KLNJPGJO, LOCALAPPDATA=C:\Users\hybri\AppData\Local, PROCESSOR_LEVEL=6, ChocolateyLastPathUpdate=132334169717136157, USERDOMAIN=LAPTOP-KLNJPGJO, FPS_BROWSER_APP_PROFILE_STRING=Internet Explorer, LOGONSERVER=\\LAPTOP-KLNJPGJO, SESSIONNAME=Console, ALLUSERSPROFILE=C:\ProgramData, PROCESSOR_ARCHITECTURE=AMD64, PSModulePath=C:\Program Files\WindowsPowerShell\Modules;C:\Windows\system32\WindowsPowerShell\v1.0\Modules, SystemDrive=C:, OneDrive=C:\Users\hybri\OneDrive, APPDATA=C:\Users\hybri\AppData\Roaming, USERNAME=hybri, ChocolateyInstall=C:\ProgramData\chocolatey, ProgramFiles(x86)=C:\Program Files (x86), VBOX_MSI_INSTALL_PATH=C:\Program Files\Oracle\VirtualBox\, CommonProgramFiles=C:\Program Files\Common Files, Path=C:\Python38\Scripts\;C:\Python38\;C:\Windows\system32;C:\Windows;C:\Windows\System32\Wbem;C:\Windows\System32\WindowsPowerShell\v1.0\;C:\Windows\System32\OpenSSH\;C:\Program Files\nodejs\;C:\ProgramData\chocolatey\bin;C:\Program Files\Git\cmd;C:\Program Files\Microsoft SQL Server\130\Tools\Binn\;C:\Program Files (x86)\PuTTY\;C:\Program Files\Dart\dart-sdk\bin;C:\Program Files\PuTTY\;C:\Users\hybri\AppData\Local\Programs\Microsoft VS Code\bin;C:\src\flutter\bin;C:\Users\hybri\AppData\Local\Microsoft\WindowsApps;C:\Program Files\JetBrains\IntelliJ IDEA Community Edition 2020.1.1\bin;;C:\Users\hybri\AppData\Roaming\npm;C:\Users\hybri\AppData\Roaming\npm\node-modules\angular-cli\bin;C:\Program Files\Java\jdk-11.0.7\bin;C:\Users\hybri\AppData\Roaming\npm;C:\Program Files\Dart\dart-sdk\bin;, FPS_BROWSER_USER_PROFILE_STRING=Default, PATHEXT=.COM;.EXE;.BAT;.CMD;.VBS;.VBE;.JS;.JSE;.WSF;.WSH;.MSC;.PY;.PYW, DriverData=C:\Windows\System32\Drivers\DriverData, OS=Windows_NT, DART_SDK=C:\Program Files\Dart\dart-sdk, OneDriveConsumer=C:\Users\hybri\OneDrive, IntelliJ IDEA Community Edition=C:\Program Files\JetBrains\IntelliJ IDEA Community Edition 2020.1.1\bin;, COMPUTERNAME=LAPTOP-KLNJPGJO, PROCESSOR_REVISION=8e0c, CommonProgramW6432=C:\Program Files\Common Files, ComSpec=C:\Windows\system32\cmd.exe, ProgramData=C:\ProgramData, ProgramW6432=C:\Program Files, HOMEPATH=\Users\hybri, TEMP=C:\Users\hybri\AppData\Local\Temp, SystemRoot=C:\Windows, PROCESSOR_IDENTIFIER=Intel64 Family 6 Model 142 Stepping 12, GenuineIntel, USERPROFILE=C:\Users\hybri, HOMEDRIVE=C:, TMP=C:\Users\hybri\AppData\Local\Temp, PUBLIC=C:\Users\Public, ProgramFiles=C:\Program Files, CommonProgramFiles(x86)=C:\Program Files (x86)\Common Files, NUMBER_OF_PROCESSORS=4, windir=C:\Windows, =::=::\, IDEA_INITIAL_DIRECTORY=C:\Windows\system32}
2021-02-12T12:04:50.217-0500 [DEBUG] [org.gradle.launcher.daemon.server.exec.LogToClient] About to start relaying all logs to the client via the connection.
2021-02-12T12:04:50.217-0500 [INFO] [org.gradle.launcher.daemon.server.exec.LogToClient] The client will now receive all logging from the daemon (pid: 8524). The daemon log file: D:\JavaCensa\Nota-1\daemon\6.1\daemon-8524.out.log
2021-02-12T12:04:50.219-0500 [INFO] [org.gradle.launcher.daemon.server.exec.LogAndCheckHealth] Starting 2nd build in daemon [uptime: 3 mins 12.868 secs, performance: 100%, non-heap usage: 17% of 268,4 MB]
2021-02-12T12:04:50.220-0500 [DEBUG] [org.gradle.launcher.daemon.server.exec.ExecuteBuild] The daemon has started executing the build.
2021-02-12T12:04:50.220-0500 [DEBUG] [org.gradle.launcher.daemon.server.exec.ExecuteBuild] Executing build with daemon context: DefaultDaemonContext[uid=b408981d-6865-4462-89f0-19017248d685,javaHome=C:\Program Files\Java\jdk-11.0.7,daemonRegistryDir=D:\JavaCensa\Nota-1\daemon,pid=8524,idleTimeout=10800000,priority=NORMAL,daemonOpts=--add-opens,java.base/java.util=ALL-UNNAMED,--add-opens,java.base/java.lang=ALL-UNNAMED,--add-opens,java.base/java.lang.invoke=ALL-UNNAMED,--add-opens,java.prefs/java.util.prefs=ALL-UNNAMED,-XX:MaxMetaspaceSize=256m,-XX:+HeapDumpOnOutOfMemoryError,-Xms256m,-Xmx512m,-Dfile.encoding=windows-1252,-Duser.country=CO,-Duser.language=es,-Duser.variant]
Introduzca su numero de telefono celular: 
FAILURE: Build failed with an exception.

* What went wrong:
Execution failed for task ':Punto3.main()'.
> Build cancelled while executing task ':Punto3.main()'

* Try:
Run with --stacktrace option to get the stack trace. Run with --info or --debug option to get more log output. Run with --scan to get full insights.

* Get more help at https://help.gradle.org

Deprecated Gradle features were used in this build, making it incompatible with Gradle 7.0.
Use '--warning-mode all' to show the individual deprecation warnings.
See https://docs.gradle.org/6.1/userguide/command_line_interface.html#sec:command_line_warnings

BUILD FAILED in 20h 45m 28s
2 actionable tasks: 2 executed
2021-02-13T08:50:19.698-0500 [DEBUG] [org.gradle.launcher.daemon.server.exec.ExecuteBuild] The daemon has finished executing the build.
2021-02-13T08:50:19.741-0500 [DEBUG] [org.gradle.launcher.daemon.server.DaemonStateCoordinator] Cancel: daemon is busy, sleeping until state changes.
2021-02-13T08:50:19.774-0500 [DEBUG] [org.gradle.launcher.daemon.server.DaemonStateCoordinator] Command execution: finished waiting for DaemonCommandExecution[command = Build{id=891e32d7-a01e-4d5b-9002-253d843555ba, currentDir=D:\JavaCensa\Nota-3}, connection = DefaultDaemonConnection: socket connection from /127.0.0.1:55281 to /127.0.0.1:55323]. Result org.gradle.launcher.daemon.server.DaemonStateCoordinator@721a4cfe with state Canceled
2021-02-13T08:50:19.775-0500 [DEBUG] [org.gradle.launcher.daemon.server.DaemonStateCoordinator] Command execution: completed DaemonCommandExecution[command = Build{id=891e32d7-a01e-4d5b-9002-253d843555ba, currentDir=D:\JavaCensa\Nota-3}, connection = DefaultDaemonConnection: socket connection from /127.0.0.1:55281 to /127.0.0.1:55323]
2021-02-13T08:50:19.775-0500 [DEBUG] [org.gradle.launcher.daemon.server.DaemonStateCoordinator] resetting idle timer
2021-02-13T08:50:19.775-0500 [INFO] [org.gradle.launcher.daemon.server.DaemonRegistryUpdater] Marking the daemon as idle, address: [0c45ea01-c7dc-437b-b4aa-3472ccd3e9fd port:55281, addresses:[localhost/127.0.0.1]]
2021-02-13T08:50:19.775-0500 [DEBUG] [org.gradle.launcher.daemon.registry.PersistentDaemonRegistry] Marking busy by address: [0c45ea01-c7dc-437b-b4aa-3472ccd3e9fd port:55281, addresses:[localhost/127.0.0.1]]
2021-02-13T08:50:19.776-0500 [DEBUG] [org.gradle.cache.internal.DefaultFileLockManager] Waiting to acquire exclusive lock on daemon addresses registry.
2021-02-13T08:50:19.798-0500 [DEBUG] [org.gradle.cache.internal.DefaultFileLockManager] Lock acquired on daemon addresses registry.
2021-02-13T08:50:19.799-0500 [DEBUG] [org.gradle.cache.internal.DefaultFileLockManager] Releasing lock on daemon addresses registry.
2021-02-13T08:50:19.800-0500 [DEBUG] [org.gradle.launcher.daemon.server.DaemonStateCoordinator] Cancel: daemon is idle now.
2021-02-13T08:50:19.800-0500 [DEBUG] [org.gradle.launcher.daemon.server.exec.ReturnResult] Daemon is dispatching the build result: Success[value=org.gradle.launcher.exec.BuildActionResult@59df2d52]
2021-02-13T08:50:19.800-0500 [DEBUG] [org.gradle.launcher.daemon.server.DaemonStateCoordinator] daemon is running. Sleeping until state changes.
2021-02-13T08:50:19.800-0500 [DEBUG] [org.gradle.launcher.daemon.server.SynchronizedDispatchConnection] thread 49: dispatching Success[value=org.gradle.launcher.exec.BuildActionResult@59df2d52]
2021-02-13T08:50:19.898-0500 [DEBUG] [org.gradle.launcher.daemon.server.DefaultIncomingConnectionHandler] Finishing executing command: Build{id=891e32d7-a01e-4d5b-9002-253d843555ba, currentDir=D:\JavaCensa\Nota-3}
2021-02-13T08:50:19.899-0500 [DEBUG] [org.gradle.launcher.daemon.server.SynchronizedDispatchConnection] thread 50: received class org.gradle.launcher.daemon.protocol.Finished
2021-02-13T08:50:19.900-0500 [DEBUG] [org.gradle.launcher.daemon.server.DefaultDaemonConnection] thread 50: Received non-IO message from client: org.gradle.launcher.daemon.protocol.Finished@413f810c
2021-02-13T08:50:19.901-0500 [DEBUG] [org.gradle.launcher.daemon.server.DefaultIncomingConnectionHandler] Received finished message: org.gradle.launcher.daemon.protocol.Finished@413f810c
2021-02-13T08:50:19.901-0500 [DEBUG] [org.gradle.internal.remote.internal.inet.SocketConnection] Discarding EOFException: java.io.EOFException
2021-02-13T08:50:19.901-0500 [DEBUG] [org.gradle.launcher.daemon.server.SynchronizedDispatchConnection] thread 50: received null
2021-02-13T08:50:19.901-0500 [DEBUG] [org.gradle.launcher.daemon.server.DefaultDaemonConnection] thread 50: Received end-of-input from client.
2021-02-13T08:50:19.901-0500 [DEBUG] [org.gradle.launcher.daemon.server.SynchronizedDispatchConnection] thread 49: stopping connection
2021-02-13T08:50:19.939-0500 [DEBUG] [org.gradle.launcher.daemon.server.SynchronizedDispatchConnection] thread 49: stopping connection
2021-02-13T08:50:24.147-0500 [DEBUG] [org.gradle.internal.remote.internal.inet.TcpIncomingConnector] Accepted connection from /127.0.0.1:62627 to /127.0.0.1:55281.
2021-02-13T08:50:24.204-0500 [DEBUG] [org.gradle.launcher.daemon.server.SynchronizedDispatchConnection] thread 76: received class org.gradle.launcher.daemon.protocol.Stop
2021-02-13T08:50:24.205-0500 [DEBUG] [org.gradle.launcher.daemon.server.DefaultDaemonConnection] thread 76: Received non-IO message from client: Stop[id=d4bd7f67-4029-4211-a4e7-aeb5d258be5d]
2021-02-13T08:50:24.205-0500 [INFO] [org.gradle.launcher.daemon.server.DefaultIncomingConnectionHandler] Received command: Stop[id=d4bd7f67-4029-4211-a4e7-aeb5d258be5d].
2021-02-13T08:50:24.205-0500 [DEBUG] [org.gradle.launcher.daemon.server.DefaultIncomingConnectionHandler] Starting executing command: Stop[id=d4bd7f67-4029-4211-a4e7-aeb5d258be5d] with connection: socket connection from /127.0.0.1:55281 to /127.0.0.1:62627.
2021-02-13T08:50:24.340-0500 [DEBUG] [org.gradle.launcher.daemon.server.DaemonRegistryUpdater] Storing daemon stop event: stop command received
2021-02-13T08:50:24.340-0500 [DEBUG] [org.gradle.launcher.daemon.registry.PersistentDaemonRegistry] Storing daemon stop event with timestamp 1613224224340
2021-02-13T08:50:24.342-0500 [DEBUG] [org.gradle.cache.internal.DefaultFileLockManager] Waiting to acquire exclusive lock on daemon addresses registry.
2021-02-13T08:50:24.342-0500 [DEBUG] [org.gradle.cache.internal.DefaultFileLockManager] Lock acquired on daemon addresses registry.
2021-02-13T08:50:24.343-0500 [DEBUG] [org.gradle.cache.internal.DefaultFileLockManager] Releasing lock on daemon addresses registry.
2021-02-13T08:50:24.343-0500 [LIFECYCLE] [org.gradle.launcher.daemon.server.DaemonStateCoordinator] Daemon is stopping immediately stop command received
2021-02-13T08:50:24.343-0500 [DEBUG] [org.gradle.launcher.daemon.server.DaemonStateCoordinator] Marking daemon stopped due to stop command received. The daemon is running a build: false
2021-02-13T08:50:24.343-0500 [DEBUG] [org.gradle.launcher.daemon.server.DaemonStateCoordinator] daemon has stopped.
2021-02-13T08:50:24.343-0500 [DEBUG] [org.gradle.launcher.daemon.server.SynchronizedDispatchConnection] thread 49: dispatching Success[value=null]
2021-02-13T08:50:24.344-0500 [DEBUG] [org.gradle.launcher.daemon.server.Daemon] stop() called on daemon
2021-02-13T08:50:24.344-0500 [DEBUG] [org.gradle.launcher.daemon.server.DefaultIncomingConnectionHandler] Finishing executing command: Stop[id=d4bd7f67-4029-4211-a4e7-aeb5d258be5d]
2021-02-13T08:50:24.344-0500 [DEBUG] [org.gradle.launcher.daemon.server.SynchronizedDispatchConnection] thread 76: received class org.gradle.launcher.daemon.protocol.Finished
2021-02-13T08:50:24.344-0500 [INFO] [org.gradle.launcher.daemon.server.Daemon] Stop requested. Daemon is removing its presence from the registry...
2021-02-13T08:50:24.344-0500 [DEBUG] [org.gradle.launcher.daemon.server.DefaultDaemonConnection] thread 76: Received non-IO message from client: org.gradle.launcher.daemon.protocol.Finished@43ff3d34
2021-02-13T08:50:24.344-0500 [DEBUG] [org.gradle.internal.remote.internal.inet.SocketConnection] Discarding EOFException: java.io.EOFException
2021-02-13T08:50:24.344-0500 [DEBUG] [org.gradle.launcher.daemon.server.DefaultIncomingConnectionHandler] Received finished message: org.gradle.launcher.daemon.protocol.Finished@43ff3d34
2021-02-13T08:50:24.344-0500 [DEBUG] [org.gradle.launcher.daemon.server.SynchronizedDispatchConnection] thread 76: received null
2021-02-13T08:50:24.345-0500 [DEBUG] [org.gradle.launcher.daemon.server.DefaultDaemonConnection] thread 76: Received end-of-input from client.
2021-02-13T08:50:24.345-0500 [DEBUG] [org.gradle.launcher.daemon.server.SynchronizedDispatchConnection] thread 49: stopping connection
2021-02-13T08:50:24.346-0500 [DEBUG] [org.gradle.launcher.daemon.server.DaemonRegistryUpdater] Removing our presence to clients, eg. removing this address from the registry: [0c45ea01-c7dc-437b-b4aa-3472ccd3e9fd port:55281, addresses:[localhost/127.0.0.1]]
2021-02-13T08:50:24.348-0500 [DEBUG] [org.gradle.launcher.daemon.registry.PersistentDaemonRegistry] Removing daemon address: [0c45ea01-c7dc-437b-b4aa-3472ccd3e9fd port:55281, addresses:[localhost/127.0.0.1]]
2021-02-13T08:50:24.348-0500 [DEBUG] [org.gradle.launcher.daemon.server.SynchronizedDispatchConnection] thread 49: stopping connection
2021-02-13T08:50:24.349-0500 [DEBUG] [org.gradle.cache.internal.DefaultFileLockManager] Waiting to acquire exclusive lock on daemon addresses registry.
2021-02-13T08:50:24.349-0500 [DEBUG] [org.gradle.cache.internal.DefaultFileLockManager] Lock acquired on daemon addresses registry.
2021-02-13T08:50:24.372-0500 [DEBUG] [org.gradle.cache.internal.DefaultFileLockManager] Releasing lock on daemon addresses registry.
2021-02-13T08:50:24.373-0500 [DEBUG] [org.gradle.launcher.daemon.server.DaemonRegistryUpdater] Address removed from registry.
2021-02-13T08:50:24.415-0500 [DEBUG] [org.gradle.cache.internal.DefaultPersistentDirectoryStore] jars (D:\JavaCensa\Nota-1\caches\jars-3) has last been fully cleaned up 0 hours ago
2021-02-13T08:50:24.416-0500 [DEBUG] [org.gradle.cache.internal.DefaultCacheAccess] Cache jars (D:\JavaCensa\Nota-1\caches\jars-3) was closed 0 times.
2021-02-13T08:50:24.496-0500 [DEBUG] [org.gradle.cache.internal.DefaultCacheAccess] Cache Generated Gradle JARs cache (D:\JavaCensa\Nota-1\caches\6.1\generated-gradle-jars) was closed 0 times.
2021-02-13T08:50:24.522-0500 [DEBUG] [org.gradle.cache.internal.DefaultPersistentDirectoryStore] artifact cache (D:\JavaCensa\Nota-1\caches\modules-2) has last been fully cleaned up 0 hours ago
2021-02-13T08:50:24.522-0500 [DEBUG] [org.gradle.cache.internal.DefaultCacheAccess] Cache artifact cache (D:\JavaCensa\Nota-1\caches\modules-2) was closed 0 times.
2021-02-13T08:50:24.523-0500 [DEBUG] [org.gradle.cache.internal.DefaultPersistentDirectoryStore] Artifact transforms cache (D:\JavaCensa\Nota-1\caches\transforms-2) has last been fully cleaned up 0 hours ago
2021-02-13T08:50:24.523-0500 [DEBUG] [org.gradle.cache.internal.DefaultCacheAccess] Cache Artifact transforms cache (D:\JavaCensa\Nota-1\caches\transforms-2) was closed 0 times.
2021-02-13T08:50:24.658-0500 [DEBUG] [org.gradle.launcher.daemon.registry.PersistentDaemonRegistry] Removing daemon address: [0c45ea01-c7dc-437b-b4aa-3472ccd3e9fd port:55281, addresses:[localhost/127.0.0.1]]
2021-02-13T08:50:24.659-0500 [DEBUG] [org.gradle.cache.internal.DefaultFileLockManager] Waiting to acquire exclusive lock on daemon addresses registry.
2021-02-13T08:50:24.659-0500 [DEBUG] [org.gradle.cache.internal.DefaultFileLockManager] Lock acquired on daemon addresses registry.
2021-02-13T08:50:24.660-0500 [DEBUG] [org.gradle.cache.internal.DefaultFileLockManager] Releasing lock on daemon addresses registry.
Daemon vm is shutting down... The daemon has exited normally or was terminated in response to a user interrupt.
