2021-02-08T18:46:44.915-0500 [DEBUG] [org.gradle.launcher.daemon.bootstrap.DaemonMain] Assuming the daemon was started with following jvm opts: [--add-opens, java.base/java.util=ALL-UNNAMED, --add-opens, java.base/java.lang=ALL-UNNAMED, --add-opens, java.base/java.lang.invoke=ALL-UNNAMED, --add-opens, java.prefs/java.util.prefs=ALL-UNNAMED, -XX:MaxMetaspaceSize=256m, -XX:+HeapDumpOnOutOfMemoryError, -Xms256m, -Xmx512m, -Dfile.encoding=windows-1252, -Duser.country=CO, -Duser.language=es, -Duser.variant]
2021-02-08T18:46:46.186-0500 [DEBUG] [org.gradle.internal.nativeintegration.services.NativeServices] Native-platform posix files integration is not available. Continuing with fallback.
2021-02-08T18:46:46.434-0500 [INFO] [org.gradle.launcher.daemon.server.Daemon] start() called on daemon - DefaultDaemonContext[uid=b68b9852-d57a-405d-81ed-6774634fba92,javaHome=C:\Program Files\Java\jdk-11.0.7,daemonRegistryDir=D:\JavaCensa\Nota-1\daemon,pid=11144,idleTimeout=10800000,priority=NORMAL,daemonOpts=--add-opens,java.base/java.util=ALL-UNNAMED,--add-opens,java.base/java.lang=ALL-UNNAMED,--add-opens,java.base/java.lang.invoke=ALL-UNNAMED,--add-opens,java.prefs/java.util.prefs=ALL-UNNAMED,-XX:MaxMetaspaceSize=256m,-XX:+HeapDumpOnOutOfMemoryError,-Xms256m,-Xmx512m,-Dfile.encoding=windows-1252,-Duser.country=CO,-Duser.language=es,-Duser.variant]
2021-02-08T18:46:47.967-0500 [DEBUG] [org.gradle.internal.remote.internal.inet.InetAddresses] Adding IP addresses for network interface Software Loopback Interface 1
2021-02-08T18:46:47.973-0500 [DEBUG] [org.gradle.internal.remote.internal.inet.InetAddresses] Is this a loopback interface? true
2021-02-08T18:46:47.974-0500 [DEBUG] [org.gradle.internal.remote.internal.inet.InetAddresses] Adding loopback address /127.0.0.1
2021-02-08T18:46:47.975-0500 [DEBUG] [org.gradle.internal.remote.internal.inet.InetAddresses] Adding loopback address /0:0:0:0:0:0:0:1
2021-02-08T18:46:48.009-0500 [DEBUG] [org.gradle.internal.remote.internal.inet.InetAddresses] Adding IP addresses for network interface WAN Miniport (IKEv2)
2021-02-08T18:46:48.017-0500 [DEBUG] [org.gradle.internal.remote.internal.inet.InetAddresses] Is this a loopback interface? false
2021-02-08T18:46:48.017-0500 [DEBUG] [org.gradle.internal.remote.internal.inet.InetAddresses] Adding IP addresses for network interface Microsoft 6to4 Adapter
2021-02-08T18:46:48.024-0500 [DEBUG] [org.gradle.internal.remote.internal.inet.InetAddresses] Is this a loopback interface? false
2021-02-08T18:46:48.025-0500 [DEBUG] [org.gradle.internal.remote.internal.inet.InetAddresses] Adding IP addresses for network interface WAN Miniport (IPv6)
2021-02-08T18:46:48.033-0500 [DEBUG] [org.gradle.internal.remote.internal.inet.InetAddresses] Is this a loopback interface? false
2021-02-08T18:46:48.033-0500 [DEBUG] [org.gradle.internal.remote.internal.inet.InetAddresses] Adding IP addresses for network interface Bluetooth Device (Personal Area Network)
2021-02-08T18:46:48.041-0500 [DEBUG] [org.gradle.internal.remote.internal.inet.InetAddresses] Is this a loopback interface? false
2021-02-08T18:46:48.042-0500 [DEBUG] [org.gradle.internal.remote.internal.inet.InetAddresses] Adding remote address /fe80:0:0:0:11ab:ab0b:685:4719%eth1
2021-02-08T18:46:48.043-0500 [DEBUG] [org.gradle.internal.remote.internal.inet.InetAddresses] Adding IP addresses for network interface WAN Miniport (Network Monitor)
2021-02-08T18:46:48.049-0500 [DEBUG] [org.gradle.internal.remote.internal.inet.InetAddresses] Is this a loopback interface? false
2021-02-08T18:46:48.050-0500 [DEBUG] [org.gradle.internal.remote.internal.inet.InetAddresses] Adding IP addresses for network interface WAN Miniport (PPTP)
2021-02-08T18:46:48.054-0500 [DEBUG] [org.gradle.internal.remote.internal.inet.InetAddresses] Is this a loopback interface? false
2021-02-08T18:46:48.055-0500 [DEBUG] [org.gradle.internal.remote.internal.inet.InetAddresses] Adding IP addresses for network interface Microsoft IP-HTTPS Platform Adapter
2021-02-08T18:46:48.062-0500 [DEBUG] [org.gradle.internal.remote.internal.inet.InetAddresses] Is this a loopback interface? false
2021-02-08T18:46:48.177-0500 [DEBUG] [org.gradle.internal.remote.internal.inet.InetAddresses] Adding IP addresses for network interface WAN Miniport (IP)
2021-02-08T18:46:48.182-0500 [DEBUG] [org.gradle.internal.remote.internal.inet.InetAddresses] Is this a loopback interface? false
2021-02-08T18:46:48.183-0500 [DEBUG] [org.gradle.internal.remote.internal.inet.InetAddresses] Adding IP addresses for network interface Qualcomm Atheros QCA9377 Wireless Network Adapter
2021-02-08T18:46:48.189-0500 [DEBUG] [org.gradle.internal.remote.internal.inet.InetAddresses] Is this a loopback interface? false
2021-02-08T18:46:48.190-0500 [DEBUG] [org.gradle.internal.remote.internal.inet.InetAddresses] Adding remote address /192.168.1.11
2021-02-08T18:46:48.191-0500 [DEBUG] [org.gradle.internal.remote.internal.inet.InetAddresses] Adding remote address /fe80:0:0:0:40d4:6bc6:1d41:9f14%wlan0
2021-02-08T18:46:48.191-0500 [DEBUG] [org.gradle.internal.remote.internal.inet.InetAddresses] Adding IP addresses for network interface Remote NDIS based Internet Sharing Device
2021-02-08T18:46:48.196-0500 [DEBUG] [org.gradle.internal.remote.internal.inet.InetAddresses] Is this a loopback interface? false
2021-02-08T18:46:48.197-0500 [DEBUG] [org.gradle.internal.remote.internal.inet.InetAddresses] Adding IP addresses for network interface Hyper-V Virtual Ethernet Adapter
2021-02-08T18:46:48.201-0500 [DEBUG] [org.gradle.internal.remote.internal.inet.InetAddresses] Is this a loopback interface? false
2021-02-08T18:46:48.207-0500 [DEBUG] [org.gradle.internal.remote.internal.inet.InetAddresses] Adding remote address /172.17.32.1
2021-02-08T18:46:48.215-0500 [DEBUG] [org.gradle.internal.remote.internal.inet.InetAddresses] Adding remote address /fe80:0:0:0:e403:3043:a61a:4e71%eth5
2021-02-08T18:46:48.216-0500 [DEBUG] [org.gradle.internal.remote.internal.inet.InetAddresses] Adding IP addresses for network interface Hyper-V Virtual Switch Extension Adapter
2021-02-08T18:46:48.232-0500 [DEBUG] [org.gradle.internal.remote.internal.inet.InetAddresses] Is this a loopback interface? false
2021-02-08T18:46:48.232-0500 [DEBUG] [org.gradle.internal.remote.internal.inet.InetAddresses] Adding IP addresses for network interface Microsoft Teredo Tunneling Adapter
2021-02-08T18:46:48.238-0500 [DEBUG] [org.gradle.internal.remote.internal.inet.InetAddresses] Is this a loopback interface? false
2021-02-08T18:46:48.238-0500 [DEBUG] [org.gradle.internal.remote.internal.inet.InetAddresses] Adding IP addresses for network interface WAN Miniport (PPPOE)
2021-02-08T18:46:48.243-0500 [DEBUG] [org.gradle.internal.remote.internal.inet.InetAddresses] Is this a loopback interface? false
2021-02-08T18:46:48.243-0500 [DEBUG] [org.gradle.internal.remote.internal.inet.InetAddresses] Adding IP addresses for network interface WAN Miniport (SSTP)
2021-02-08T18:46:48.247-0500 [DEBUG] [org.gradle.internal.remote.internal.inet.InetAddresses] Is this a loopback interface? false
2021-02-08T18:46:48.247-0500 [DEBUG] [org.gradle.internal.remote.internal.inet.InetAddresses] Adding IP addresses for network interface Microsoft Wi-Fi Direct Virtual Adapter #2
2021-02-08T18:46:48.252-0500 [DEBUG] [org.gradle.internal.remote.internal.inet.InetAddresses] Is this a loopback interface? false
2021-02-08T18:46:48.253-0500 [DEBUG] [org.gradle.internal.remote.internal.inet.InetAddresses] Adding remote address /fe80:0:0:0:c5df:3d57:8c21:5385%wlan1
2021-02-08T18:46:48.253-0500 [DEBUG] [org.gradle.internal.remote.internal.inet.InetAddresses] Adding IP addresses for network interface WAN Miniport (L2TP)
2021-02-08T18:46:48.257-0500 [DEBUG] [org.gradle.internal.remote.internal.inet.InetAddresses] Is this a loopback interface? false
2021-02-08T18:46:48.258-0500 [DEBUG] [org.gradle.internal.remote.internal.inet.InetAddresses] Adding IP addresses for network interface Microsoft Wi-Fi Direct Virtual Adapter
2021-02-08T18:46:48.264-0500 [DEBUG] [org.gradle.internal.remote.internal.inet.InetAddresses] Is this a loopback interface? false
2021-02-08T18:46:48.264-0500 [DEBUG] [org.gradle.internal.remote.internal.inet.InetAddresses] Adding remote address /fe80:0:0:0:f89d:6e5c:95eb:f31e%wlan2
2021-02-08T18:46:48.264-0500 [DEBUG] [org.gradle.internal.remote.internal.inet.InetAddresses] Adding IP addresses for network interface Microsoft Kernel Debug Network Adapter
2021-02-08T18:46:48.273-0500 [DEBUG] [org.gradle.internal.remote.internal.inet.InetAddresses] Is this a loopback interface? false
2021-02-08T18:46:48.274-0500 [DEBUG] [org.gradle.internal.remote.internal.inet.InetAddresses] Adding IP addresses for network interface VirtualBox Host-Only Ethernet Adapter
2021-02-08T18:46:48.281-0500 [DEBUG] [org.gradle.internal.remote.internal.inet.InetAddresses] Is this a loopback interface? false
2021-02-08T18:46:48.282-0500 [DEBUG] [org.gradle.internal.remote.internal.inet.InetAddresses] Adding remote address /192.168.56.1
2021-02-08T18:46:48.282-0500 [DEBUG] [org.gradle.internal.remote.internal.inet.InetAddresses] Adding remote address /fe80:0:0:0:517e:a76:882a:6ad2%eth8
2021-02-08T18:46:48.282-0500 [DEBUG] [org.gradle.internal.remote.internal.inet.InetAddresses] Adding IP addresses for network interface ASIX AX88772B USB2.0 to Fast Ethernet Adapter
2021-02-08T18:46:48.289-0500 [DEBUG] [org.gradle.internal.remote.internal.inet.InetAddresses] Is this a loopback interface? false
2021-02-08T18:46:48.289-0500 [DEBUG] [org.gradle.internal.remote.internal.inet.InetAddresses] Adding IP addresses for network interface VirtualBox Host-Only Ethernet Adapter-WFP Native MAC Layer LightWeight Filter-0000
2021-02-08T18:46:48.296-0500 [DEBUG] [org.gradle.internal.remote.internal.inet.InetAddresses] Is this a loopback interface? false
2021-02-08T18:46:48.297-0500 [DEBUG] [org.gradle.internal.remote.internal.inet.InetAddresses] Adding IP addresses for network interface VirtualBox Host-Only Ethernet Adapter-QoS Packet Scheduler-0000
2021-02-08T18:46:48.302-0500 [DEBUG] [org.gradle.internal.remote.internal.inet.InetAddresses] Is this a loopback interface? false
2021-02-08T18:46:48.303-0500 [DEBUG] [org.gradle.internal.remote.internal.inet.InetAddresses] Adding IP addresses for network interface VirtualBox Host-Only Ethernet Adapter-WFP 802.3 MAC Layer LightWeight Filter-0000
2021-02-08T18:46:48.308-0500 [DEBUG] [org.gradle.internal.remote.internal.inet.InetAddresses] Is this a loopback interface? false
2021-02-08T18:46:48.314-0500 [DEBUG] [org.gradle.internal.remote.internal.inet.InetAddresses] Adding IP addresses for network interface Hyper-V Virtual Switch Extension Adapter-Hyper-V Virtual Switch Extension Filter-0000
2021-02-08T18:46:48.321-0500 [DEBUG] [org.gradle.internal.remote.internal.inet.InetAddresses] Is this a loopback interface? false
2021-02-08T18:46:48.322-0500 [DEBUG] [org.gradle.internal.remote.internal.inet.InetAddresses] Adding IP addresses for network interface Hyper-V Virtual Ethernet Adapter-WFP Native MAC Layer LightWeight Filter-0000
2021-02-08T18:46:48.326-0500 [DEBUG] [org.gradle.internal.remote.internal.inet.InetAddresses] Is this a loopback interface? false
2021-02-08T18:46:48.326-0500 [DEBUG] [org.gradle.internal.remote.internal.inet.InetAddresses] Adding IP addresses for network interface Hyper-V Virtual Ethernet Adapter-VirtualBox NDIS Light-Weight Filter-0000
2021-02-08T18:46:48.330-0500 [DEBUG] [org.gradle.internal.remote.internal.inet.InetAddresses] Is this a loopback interface? false
2021-02-08T18:46:48.331-0500 [DEBUG] [org.gradle.internal.remote.internal.inet.InetAddresses] Adding IP addresses for network interface Hyper-V Virtual Ethernet Adapter-QoS Packet Scheduler-0000
2021-02-08T18:46:48.335-0500 [DEBUG] [org.gradle.internal.remote.internal.inet.InetAddresses] Is this a loopback interface? false
2021-02-08T18:46:48.335-0500 [DEBUG] [org.gradle.internal.remote.internal.inet.InetAddresses] Adding IP addresses for network interface Hyper-V Virtual Ethernet Adapter-WFP 802.3 MAC Layer LightWeight Filter-0000
2021-02-08T18:46:48.339-0500 [DEBUG] [org.gradle.internal.remote.internal.inet.InetAddresses] Is this a loopback interface? false
2021-02-08T18:46:48.340-0500 [DEBUG] [org.gradle.internal.remote.internal.inet.InetAddresses] Adding IP addresses for network interface Qualcomm Atheros QCA9377 Wireless Network Adapter-WFP Native MAC Layer LightWeight Filter-0000
2021-02-08T18:46:48.344-0500 [DEBUG] [org.gradle.internal.remote.internal.inet.InetAddresses] Is this a loopback interface? false
2021-02-08T18:46:48.345-0500 [DEBUG] [org.gradle.internal.remote.internal.inet.InetAddresses] Adding IP addresses for network interface Qualcomm Atheros QCA9377 Wireless Network Adapter-Virtual WiFi Filter Driver-0000
2021-02-08T18:46:48.350-0500 [DEBUG] [org.gradle.internal.remote.internal.inet.InetAddresses] Is this a loopback interface? false
2021-02-08T18:46:48.350-0500 [DEBUG] [org.gradle.internal.remote.internal.inet.InetAddresses] Adding IP addresses for network interface Qualcomm Atheros QCA9377 Wireless Network Adapter-Native WiFi Filter Driver-0000
2021-02-08T18:46:48.355-0500 [DEBUG] [org.gradle.internal.remote.internal.inet.InetAddresses] Is this a loopback interface? false
2021-02-08T18:46:48.355-0500 [DEBUG] [org.gradle.internal.remote.internal.inet.InetAddresses] Adding IP addresses for network interface Qualcomm Atheros QCA9377 Wireless Network Adapter-VirtualBox NDIS Light-Weight Filter-0000
2021-02-08T18:46:48.360-0500 [DEBUG] [org.gradle.internal.remote.internal.inet.InetAddresses] Is this a loopback interface? false
2021-02-08T18:46:48.361-0500 [DEBUG] [org.gradle.internal.remote.internal.inet.InetAddresses] Adding IP addresses for network interface Qualcomm Atheros QCA9377 Wireless Network Adapter-QoS Packet Scheduler-0000
2021-02-08T18:46:48.365-0500 [DEBUG] [org.gradle.internal.remote.internal.inet.InetAddresses] Is this a loopback interface? false
2021-02-08T18:46:48.366-0500 [DEBUG] [org.gradle.internal.remote.internal.inet.InetAddresses] Adding IP addresses for network interface Qualcomm Atheros QCA9377 Wireless Network Adapter-WFP 802.3 MAC Layer LightWeight Filter-0000
2021-02-08T18:46:48.370-0500 [DEBUG] [org.gradle.internal.remote.internal.inet.InetAddresses] Is this a loopback interface? false
2021-02-08T18:46:48.370-0500 [DEBUG] [org.gradle.internal.remote.internal.inet.InetAddresses] Adding IP addresses for network interface Microsoft Wi-Fi Direct Virtual Adapter-WFP Native MAC Layer LightWeight Filter-0000
2021-02-08T18:46:48.376-0500 [DEBUG] [org.gradle.internal.remote.internal.inet.InetAddresses] Is this a loopback interface? false
2021-02-08T18:46:48.376-0500 [DEBUG] [org.gradle.internal.remote.internal.inet.InetAddresses] Adding IP addresses for network interface Microsoft Wi-Fi Direct Virtual Adapter-Native WiFi Filter Driver-0000
2021-02-08T18:46:48.381-0500 [DEBUG] [org.gradle.internal.remote.internal.inet.InetAddresses] Is this a loopback interface? false
2021-02-08T18:46:48.381-0500 [DEBUG] [org.gradle.internal.remote.internal.inet.InetAddresses] Adding IP addresses for network interface Microsoft Wi-Fi Direct Virtual Adapter-VirtualBox NDIS Light-Weight Filter-0000
2021-02-08T18:46:48.385-0500 [DEBUG] [org.gradle.internal.remote.internal.inet.InetAddresses] Is this a loopback interface? false
2021-02-08T18:46:48.386-0500 [DEBUG] [org.gradle.internal.remote.internal.inet.InetAddresses] Adding IP addresses for network interface Microsoft Wi-Fi Direct Virtual Adapter-QoS Packet Scheduler-0000
2021-02-08T18:46:48.390-0500 [DEBUG] [org.gradle.internal.remote.internal.inet.InetAddresses] Is this a loopback interface? false
2021-02-08T18:46:48.391-0500 [DEBUG] [org.gradle.internal.remote.internal.inet.InetAddresses] Adding IP addresses for network interface Microsoft Wi-Fi Direct Virtual Adapter-WFP 802.3 MAC Layer LightWeight Filter-0000
2021-02-08T18:46:48.396-0500 [DEBUG] [org.gradle.internal.remote.internal.inet.InetAddresses] Is this a loopback interface? false
2021-02-08T18:46:48.396-0500 [DEBUG] [org.gradle.internal.remote.internal.inet.InetAddresses] Adding IP addresses for network interface WAN Miniport (IP)-WFP Native MAC Layer LightWeight Filter-0000
2021-02-08T18:46:48.401-0500 [DEBUG] [org.gradle.internal.remote.internal.inet.InetAddresses] Is this a loopback interface? false
2021-02-08T18:46:48.401-0500 [DEBUG] [org.gradle.internal.remote.internal.inet.InetAddresses] Adding IP addresses for network interface WAN Miniport (IP)-QoS Packet Scheduler-0000
2021-02-08T18:46:48.406-0500 [DEBUG] [org.gradle.internal.remote.internal.inet.InetAddresses] Is this a loopback interface? false
2021-02-08T18:46:48.407-0500 [DEBUG] [org.gradle.internal.remote.internal.inet.InetAddresses] Adding IP addresses for network interface WAN Miniport (IPv6)-WFP Native MAC Layer LightWeight Filter-0000
2021-02-08T18:46:48.411-0500 [DEBUG] [org.gradle.internal.remote.internal.inet.InetAddresses] Is this a loopback interface? false
2021-02-08T18:46:48.412-0500 [DEBUG] [org.gradle.internal.remote.internal.inet.InetAddresses] Adding IP addresses for network interface WAN Miniport (IPv6)-QoS Packet Scheduler-0000
2021-02-08T18:46:48.417-0500 [DEBUG] [org.gradle.internal.remote.internal.inet.InetAddresses] Is this a loopback interface? false
2021-02-08T18:46:48.417-0500 [DEBUG] [org.gradle.internal.remote.internal.inet.InetAddresses] Adding IP addresses for network interface WAN Miniport (Network Monitor)-WFP Native MAC Layer LightWeight Filter-0000
2021-02-08T18:46:48.422-0500 [DEBUG] [org.gradle.internal.remote.internal.inet.InetAddresses] Is this a loopback interface? false
2021-02-08T18:46:48.422-0500 [DEBUG] [org.gradle.internal.remote.internal.inet.InetAddresses] Adding IP addresses for network interface WAN Miniport (Network Monitor)-QoS Packet Scheduler-0000
2021-02-08T18:46:48.427-0500 [DEBUG] [org.gradle.internal.remote.internal.inet.InetAddresses] Is this a loopback interface? false
2021-02-08T18:46:48.428-0500 [DEBUG] [org.gradle.internal.remote.internal.inet.InetAddresses] Adding IP addresses for network interface Microsoft Wi-Fi Direct Virtual Adapter #2-WFP Native MAC Layer LightWeight Filter-0000
2021-02-08T18:46:48.432-0500 [DEBUG] [org.gradle.internal.remote.internal.inet.InetAddresses] Is this a loopback interface? false
2021-02-08T18:46:48.432-0500 [DEBUG] [org.gradle.internal.remote.internal.inet.InetAddresses] Adding IP addresses for network interface Microsoft Wi-Fi Direct Virtual Adapter #2-Native WiFi Filter Driver-0000
2021-02-08T18:46:48.437-0500 [DEBUG] [org.gradle.internal.remote.internal.inet.InetAddresses] Is this a loopback interface? false
2021-02-08T18:46:48.438-0500 [DEBUG] [org.gradle.internal.remote.internal.inet.InetAddresses] Adding IP addresses for network interface Microsoft Wi-Fi Direct Virtual Adapter #2-VirtualBox NDIS Light-Weight Filter-0000
2021-02-08T18:46:48.442-0500 [DEBUG] [org.gradle.internal.remote.internal.inet.InetAddresses] Is this a loopback interface? false
2021-02-08T18:46:48.443-0500 [DEBUG] [org.gradle.internal.remote.internal.inet.InetAddresses] Adding IP addresses for network interface Microsoft Wi-Fi Direct Virtual Adapter #2-QoS Packet Scheduler-0000
2021-02-08T18:46:48.448-0500 [DEBUG] [org.gradle.internal.remote.internal.inet.InetAddresses] Is this a loopback interface? false
2021-02-08T18:46:48.448-0500 [DEBUG] [org.gradle.internal.remote.internal.inet.InetAddresses] Adding IP addresses for network interface Microsoft Wi-Fi Direct Virtual Adapter #2-WFP 802.3 MAC Layer LightWeight Filter-0000
2021-02-08T18:46:48.453-0500 [DEBUG] [org.gradle.internal.remote.internal.inet.InetAddresses] Is this a loopback interface? false
2021-02-08T18:46:48.459-0500 [DEBUG] [org.gradle.internal.remote.internal.inet.TcpIncomingConnector] Listening on [5cfd3ce4-6d90-45fb-b0f3-594a08b23cc5 port:53785, addresses:[localhost/127.0.0.1]].
2021-02-08T18:46:48.480-0500 [DEBUG] [org.gradle.launcher.daemon.server.Daemon] Daemon starting at: Mon Feb 08 18:46:48 COT 2021, with address: [5cfd3ce4-6d90-45fb-b0f3-594a08b23cc5 port:53785, addresses:[localhost/127.0.0.1]]
2021-02-08T18:46:48.481-0500 [INFO] [org.gradle.launcher.daemon.server.DaemonRegistryUpdater] Advertising the daemon address to the clients: [5cfd3ce4-6d90-45fb-b0f3-594a08b23cc5 port:53785, addresses:[localhost/127.0.0.1]]
2021-02-08T18:46:48.481-0500 [DEBUG] [org.gradle.launcher.daemon.server.DaemonRegistryUpdater] Advertised daemon context: DefaultDaemonContext[uid=b68b9852-d57a-405d-81ed-6774634fba92,javaHome=C:\Program Files\Java\jdk-11.0.7,daemonRegistryDir=D:\JavaCensa\Nota-1\daemon,pid=11144,idleTimeout=10800000,priority=NORMAL,daemonOpts=--add-opens,java.base/java.util=ALL-UNNAMED,--add-opens,java.base/java.lang=ALL-UNNAMED,--add-opens,java.base/java.lang.invoke=ALL-UNNAMED,--add-opens,java.prefs/java.util.prefs=ALL-UNNAMED,-XX:MaxMetaspaceSize=256m,-XX:+HeapDumpOnOutOfMemoryError,-Xms256m,-Xmx512m,-Dfile.encoding=windows-1252,-Duser.country=CO,-Duser.language=es,-Duser.variant]
2021-02-08T18:46:48.484-0500 [DEBUG] [org.gradle.launcher.daemon.registry.PersistentDaemonRegistry] Storing daemon address: [5cfd3ce4-6d90-45fb-b0f3-594a08b23cc5 port:53785, addresses:[localhost/127.0.0.1]], context: DefaultDaemonContext[uid=b68b9852-d57a-405d-81ed-6774634fba92,javaHome=C:\Program Files\Java\jdk-11.0.7,daemonRegistryDir=D:\JavaCensa\Nota-1\daemon,pid=11144,idleTimeout=10800000,priority=NORMAL,daemonOpts=--add-opens,java.base/java.util=ALL-UNNAMED,--add-opens,java.base/java.lang=ALL-UNNAMED,--add-opens,java.base/java.lang.invoke=ALL-UNNAMED,--add-opens,java.prefs/java.util.prefs=ALL-UNNAMED,-XX:MaxMetaspaceSize=256m,-XX:+HeapDumpOnOutOfMemoryError,-Xms256m,-Xmx512m,-Dfile.encoding=windows-1252,-Duser.country=CO,-Duser.language=es,-Duser.variant]
2021-02-08T18:46:48.509-0500 [DEBUG] [org.gradle.cache.internal.DefaultFileLockManager] Waiting to acquire exclusive lock on daemon addresses registry.
2021-02-08T18:46:48.515-0500 [DEBUG] [org.gradle.cache.internal.DefaultFileLockManager] Lock acquired on daemon addresses registry.
2021-02-08T18:46:48.522-0500 [DEBUG] [org.gradle.cache.internal.DefaultFileLockManager] Releasing lock on daemon addresses registry.
2021-02-08T18:46:48.523-0500 [LIFECYCLE] [org.gradle.launcher.daemon.server.Daemon] Daemon server started.
2021-02-08T18:46:48.525-0500 [DEBUG] [org.gradle.launcher.daemon.bootstrap.DaemonStartupCommunication] Completed writing the daemon greeting. Closing streams...
2021-02-08T18:46:48.536-0500 [DEBUG] [org.gradle.launcher.daemon.server.Daemon] stopOnExpiration() called on daemon
2021-02-08T18:46:48.538-0500 [DEBUG] [org.gradle.launcher.daemon.server.Daemon] awaitExpiration() called on daemon
2021-02-08T18:46:48.538-0500 [DEBUG] [org.gradle.launcher.daemon.server.DaemonStateCoordinator] daemon is running. Sleeping until state changes.
2021-02-08T18:46:48.558-0500 [DEBUG] [org.gradle.internal.remote.internal.inet.TcpIncomingConnector] Accepted connection from /127.0.0.1:53786 to /127.0.0.1:53785.
2021-02-08T18:46:49.101-0500 [DEBUG] [org.gradle.launcher.daemon.server.SynchronizedDispatchConnection] thread 19: received class org.gradle.launcher.daemon.protocol.Build
2021-02-08T18:46:49.102-0500 [DEBUG] [org.gradle.launcher.daemon.server.DefaultDaemonConnection] thread 19: Received non-IO message from client: Build{id=024c2596-a81c-4f12-bb34-deaaaad0de4d, currentDir=D:\JavaCensa\Nota-2}
2021-02-08T18:46:49.103-0500 [INFO] [org.gradle.launcher.daemon.server.DefaultIncomingConnectionHandler] Received command: Build{id=024c2596-a81c-4f12-bb34-deaaaad0de4d, currentDir=D:\JavaCensa\Nota-2}.
2021-02-08T18:46:49.103-0500 [DEBUG] [org.gradle.launcher.daemon.server.DefaultIncomingConnectionHandler] Starting executing command: Build{id=024c2596-a81c-4f12-bb34-deaaaad0de4d, currentDir=D:\JavaCensa\Nota-2} with connection: socket connection from /127.0.0.1:53785 to /127.0.0.1:53786.
2021-02-08T18:46:49.109-0500 [ERROR] [org.gradle.launcher.daemon.server.DaemonStateCoordinator] Command execution: started DaemonCommandExecution[command = Build{id=024c2596-a81c-4f12-bb34-deaaaad0de4d, currentDir=D:\JavaCensa\Nota-2}, connection = DefaultDaemonConnection: socket connection from /127.0.0.1:53785 to /127.0.0.1:53786] after 0.0 minutes of idle
2021-02-08T18:46:49.110-0500 [INFO] [org.gradle.launcher.daemon.server.DaemonRegistryUpdater] Marking the daemon as busy, address: [5cfd3ce4-6d90-45fb-b0f3-594a08b23cc5 port:53785, addresses:[localhost/127.0.0.1]]
2021-02-08T18:46:49.110-0500 [DEBUG] [org.gradle.launcher.daemon.registry.PersistentDaemonRegistry] Marking busy by address: [5cfd3ce4-6d90-45fb-b0f3-594a08b23cc5 port:53785, addresses:[localhost/127.0.0.1]]
2021-02-08T18:46:49.116-0500 [DEBUG] [org.gradle.cache.internal.DefaultFileLockManager] Waiting to acquire exclusive lock on daemon addresses registry.
2021-02-08T18:46:49.117-0500 [DEBUG] [org.gradle.cache.internal.DefaultFileLockManager] Lock acquired on daemon addresses registry.
2021-02-08T18:46:49.121-0500 [DEBUG] [org.gradle.cache.internal.DefaultFileLockManager] Releasing lock on daemon addresses registry.
2021-02-08T18:46:49.122-0500 [DEBUG] [org.gradle.launcher.daemon.server.DaemonStateCoordinator] resetting idle timer
2021-02-08T18:46:49.123-0500 [DEBUG] [org.gradle.launcher.daemon.server.DaemonStateCoordinator] daemon is running. Sleeping until state changes.
2021-02-08T18:46:49.124-0500 [INFO] [org.gradle.launcher.daemon.server.exec.StartBuildOrRespondWithBusy] Daemon is about to start building Build{id=024c2596-a81c-4f12-bb34-deaaaad0de4d, currentDir=D:\JavaCensa\Nota-2}. Dispatching build started information...
2021-02-08T18:46:49.125-0500 [DEBUG] [org.gradle.launcher.daemon.server.SynchronizedDispatchConnection] thread 21: dispatching org.gradle.launcher.daemon.protocol.BuildStarted@1520460a
2021-02-08T18:46:49.129-0500 [DEBUG] [org.gradle.launcher.daemon.server.exec.EstablishBuildEnvironment] Configuring env variables: {USERDOMAIN_ROAMINGPROFILE=LAPTOP-KLNJPGJO, LOCALAPPDATA=C:\Users\hybri\AppData\Local, PROCESSOR_LEVEL=6, ChocolateyLastPathUpdate=132334169717136157, USERDOMAIN=LAPTOP-KLNJPGJO, LOGONSERVER=\\LAPTOP-KLNJPGJO, SESSIONNAME=Console, ALLUSERSPROFILE=C:\ProgramData, PROCESSOR_ARCHITECTURE=AMD64, PSModulePath=C:\Program Files\WindowsPowerShell\Modules;C:\Windows\system32\WindowsPowerShell\v1.0\Modules, SystemDrive=C:, OneDrive=C:\Users\hybri\OneDrive, APPDATA=C:\Users\hybri\AppData\Roaming, USERNAME=hybri, ChocolateyInstall=C:\ProgramData\chocolatey, ProgramFiles(x86)=C:\Program Files (x86), VBOX_MSI_INSTALL_PATH=C:\Program Files\Oracle\VirtualBox\, CommonProgramFiles=C:\Program Files\Common Files, Path=C:\Python38\Scripts\;C:\Python38\;C:\Windows\system32;C:\Windows;C:\Windows\System32\Wbem;C:\Windows\System32\WindowsPowerShell\v1.0\;C:\Windows\System32\OpenSSH\;C:\Program Files\nodejs\;C:\ProgramData\chocolatey\bin;C:\Program Files\Git\cmd;C:\Program Files\Microsoft SQL Server\130\Tools\Binn\;C:\Program Files (x86)\PuTTY\;C:\Program Files\Dart\dart-sdk\bin;C:\Program Files\PuTTY\;C:\Users\hybri\AppData\Local\Programs\Microsoft VS Code\bin;C:\src\flutter\bin;C:\Users\hybri\AppData\Local\Microsoft\WindowsApps;C:\Program Files\JetBrains\IntelliJ IDEA Community Edition 2020.1.1\bin;;C:\Users\hybri\AppData\Roaming\npm;C:\Users\hybri\AppData\Roaming\npm\node-modules\angular-cli\bin;C:\Program Files\Java\jdk-11.0.7\bin;C:\Users\hybri\AppData\Roaming\npm;C:\Program Files\Dart\dart-sdk\bin;, PATHEXT=.COM;.EXE;.BAT;.CMD;.VBS;.VBE;.JS;.JSE;.WSF;.WSH;.MSC;.PY;.PYW, DriverData=C:\Windows\System32\Drivers\DriverData, OS=Windows_NT, DART_SDK=C:\Program Files\Dart\dart-sdk, OneDriveConsumer=C:\Users\hybri\OneDrive, IntelliJ IDEA Community Edition=C:\Program Files\JetBrains\IntelliJ IDEA Community Edition 2020.1.1\bin;, COMPUTERNAME=LAPTOP-KLNJPGJO, PROCESSOR_REVISION=8e0c, CommonProgramW6432=C:\Program Files\Common Files, ComSpec=C:\Windows\system32\cmd.exe, ProgramData=C:\ProgramData, ProgramW6432=C:\Program Files, HOMEPATH=\Users\hybri, TEMP=C:\Users\hybri\AppData\Local\Temp, SystemRoot=C:\Windows, PROCESSOR_IDENTIFIER=Intel64 Family 6 Model 142 Stepping 12, GenuineIntel, USERPROFILE=C:\Users\hybri, HOMEDRIVE=C:, TMP=C:\Users\hybri\AppData\Local\Temp, PUBLIC=C:\Users\Public, ProgramFiles=C:\Program Files, CommonProgramFiles(x86)=C:\Program Files (x86)\Common Files, NUMBER_OF_PROCESSORS=4, windir=C:\Windows, =::=::\, IDEA_INITIAL_DIRECTORY=C:\Windows\system32}
2021-02-08T18:46:49.144-0500 [DEBUG] [org.gradle.launcher.daemon.server.exec.LogToClient] About to start relaying all logs to the client via the connection.
2021-02-08T18:46:49.145-0500 [INFO] [org.gradle.launcher.daemon.server.exec.LogToClient] The client will now receive all logging from the daemon (pid: 11144). The daemon log file: D:\JavaCensa\Nota-1\daemon\6.1\daemon-11144.out.log
2021-02-08T18:46:49.345-0500 [INFO] [org.gradle.launcher.daemon.server.exec.LogAndCheckHealth] Starting build in new daemon [memory: 536,9 MB]
2021-02-08T18:46:49.355-0500 [DEBUG] [org.gradle.launcher.daemon.server.exec.ExecuteBuild] The daemon has started executing the build.
2021-02-08T18:46:49.356-0500 [DEBUG] [org.gradle.launcher.daemon.server.exec.ExecuteBuild] Executing build with daemon context: DefaultDaemonContext[uid=b68b9852-d57a-405d-81ed-6774634fba92,javaHome=C:\Program Files\Java\jdk-11.0.7,daemonRegistryDir=D:\JavaCensa\Nota-1\daemon,pid=11144,idleTimeout=10800000,priority=NORMAL,daemonOpts=--add-opens,java.base/java.util=ALL-UNNAMED,--add-opens,java.base/java.lang=ALL-UNNAMED,--add-opens,java.base/java.lang.invoke=ALL-UNNAMED,--add-opens,java.prefs/java.util.prefs=ALL-UNNAMED,-XX:MaxMetaspaceSize=256m,-XX:+HeapDumpOnOutOfMemoryError,-Xms256m,-Xmx512m,-Dfile.encoding=windows-1252,-Duser.country=CO,-Duser.language=es,-Duser.variant]
Ingrese tamaño del arreglo
Ingrese numero
Ingrese numero
Ingrese numero
1.0
promedio con el tamaño total del arreglo 0.6666666666666666
promedio con el rango condicionado del arreglo  2.0
0.0

Deprecated Gradle features were used in this build, making it incompatible with Gradle 7.0.
Use '--warning-mode all' to show the individual deprecation warnings.
See https://docs.gradle.org/6.1/userguide/command_line_interface.html#sec:command_line_warnings

BUILD SUCCESSFUL in 2h 42m 56s
2 actionable tasks: 1 executed, 1 up-to-date
2021-02-08T21:29:09.972-0500 [DEBUG] [org.gradle.launcher.daemon.server.exec.ExecuteBuild] The daemon has finished executing the build.
2021-02-08T21:29:09.987-0500 [DEBUG] [org.gradle.launcher.daemon.server.DaemonStateCoordinator] daemon is running. Sleeping until state changes.
2021-02-08T21:29:09.989-0500 [DEBUG] [org.gradle.launcher.daemon.server.DaemonStateCoordinator] Command execution: finished waiting for DaemonCommandExecution[command = Build{id=024c2596-a81c-4f12-bb34-deaaaad0de4d, currentDir=D:\JavaCensa\Nota-2}, connection = DefaultDaemonConnection: socket connection from /127.0.0.1:53785 to /127.0.0.1:53786]. Result org.gradle.launcher.daemon.server.DaemonStateCoordinator@7c5cb97 with state Busy
2021-02-08T21:29:09.990-0500 [DEBUG] [org.gradle.launcher.daemon.server.DaemonStateCoordinator] Command execution: completed DaemonCommandExecution[command = Build{id=024c2596-a81c-4f12-bb34-deaaaad0de4d, currentDir=D:\JavaCensa\Nota-2}, connection = DefaultDaemonConnection: socket connection from /127.0.0.1:53785 to /127.0.0.1:53786]
2021-02-08T21:29:09.990-0500 [DEBUG] [org.gradle.launcher.daemon.server.DaemonStateCoordinator] resetting idle timer
2021-02-08T21:29:09.993-0500 [INFO] [org.gradle.launcher.daemon.server.DaemonRegistryUpdater] Marking the daemon as idle, address: [5cfd3ce4-6d90-45fb-b0f3-594a08b23cc5 port:53785, addresses:[localhost/127.0.0.1]]
2021-02-08T21:29:09.993-0500 [DEBUG] [org.gradle.launcher.daemon.registry.PersistentDaemonRegistry] Marking busy by address: [5cfd3ce4-6d90-45fb-b0f3-594a08b23cc5 port:53785, addresses:[localhost/127.0.0.1]]
2021-02-08T21:29:09.996-0500 [DEBUG] [org.gradle.cache.internal.DefaultFileLockManager] Waiting to acquire exclusive lock on daemon addresses registry.
2021-02-08T21:29:10.016-0500 [DEBUG] [org.gradle.cache.internal.DefaultFileLockManager] Lock acquired on daemon addresses registry.
2021-02-08T21:29:10.021-0500 [DEBUG] [org.gradle.cache.internal.DefaultFileLockManager] Releasing lock on daemon addresses registry.
2021-02-08T21:29:10.022-0500 [DEBUG] [org.gradle.launcher.daemon.server.DaemonStateCoordinator] daemon is running. Sleeping until state changes.
2021-02-08T21:29:10.022-0500 [DEBUG] [org.gradle.launcher.daemon.server.exec.ReturnResult] Daemon is dispatching the build result: Success[value=org.gradle.launcher.exec.BuildActionResult@221f4444]
2021-02-08T21:29:10.023-0500 [DEBUG] [org.gradle.launcher.daemon.server.SynchronizedDispatchConnection] thread 18: dispatching Success[value=org.gradle.launcher.exec.BuildActionResult@221f4444]
2021-02-08T21:29:10.024-0500 [DEBUG] [org.gradle.launcher.daemon.server.SynchronizedDispatchConnection] thread 19: received class org.gradle.launcher.daemon.protocol.CloseInput
2021-02-08T21:29:10.025-0500 [DEBUG] [org.gradle.launcher.daemon.server.DefaultDaemonConnection] thread 19: Received IO message from client: org.gradle.launcher.daemon.protocol.CloseInput@3b8523d8
2021-02-08T21:29:10.025-0500 [DEBUG] [org.gradle.launcher.daemon.server.DefaultIncomingConnectionHandler] Finishing executing command: Build{id=024c2596-a81c-4f12-bb34-deaaaad0de4d, currentDir=D:\JavaCensa\Nota-2}
2021-02-08T21:29:10.026-0500 [DEBUG] [org.gradle.launcher.daemon.server.SynchronizedDispatchConnection] thread 19: received class org.gradle.launcher.daemon.protocol.Finished
2021-02-08T21:29:10.026-0500 [DEBUG] [org.gradle.launcher.daemon.server.DefaultDaemonConnection] thread 19: Received non-IO message from client: org.gradle.launcher.daemon.protocol.Finished@73a1e07e
2021-02-08T21:29:10.027-0500 [DEBUG] [org.gradle.launcher.daemon.server.DefaultIncomingConnectionHandler] Received finished message: org.gradle.launcher.daemon.protocol.Finished@73a1e07e
2021-02-08T21:29:10.028-0500 [DEBUG] [org.gradle.internal.remote.internal.inet.SocketConnection] Discarding EOFException: java.io.EOFException
2021-02-08T21:29:10.029-0500 [DEBUG] [org.gradle.launcher.daemon.server.SynchronizedDispatchConnection] thread 18: stopping connection
2021-02-08T21:29:10.029-0500 [DEBUG] [org.gradle.launcher.daemon.server.SynchronizedDispatchConnection] thread 19: received null
2021-02-08T21:29:10.031-0500 [DEBUG] [org.gradle.launcher.daemon.server.DefaultDaemonConnection] thread 19: Received end-of-input from client.
2021-02-08T21:29:10.068-0500 [DEBUG] [org.gradle.launcher.daemon.server.SynchronizedDispatchConnection] thread 18: stopping connection
2021-02-08T21:29:18.541-0500 [DEBUG] [org.gradle.cache.internal.DefaultFileLockManager] Waiting to acquire shared lock on daemon addresses registry.
2021-02-08T21:29:18.541-0500 [DEBUG] [org.gradle.cache.internal.DefaultFileLockManager] Lock acquired on daemon addresses registry.
2021-02-08T21:29:18.544-0500 [DEBUG] [org.gradle.cache.internal.DefaultFileLockManager] Releasing lock on daemon addresses registry.
2021-02-08T21:29:18.546-0500 [DEBUG] [org.gradle.cache.internal.DefaultFileLockManager] Waiting to acquire shared lock on daemon addresses registry.
2021-02-08T21:29:18.546-0500 [DEBUG] [org.gradle.cache.internal.DefaultFileLockManager] Lock acquired on daemon addresses registry.
2021-02-08T21:29:18.549-0500 [DEBUG] [org.gradle.cache.internal.DefaultFileLockManager] Releasing lock on daemon addresses registry.
2021-02-08T21:29:28.539-0500 [DEBUG] [org.gradle.cache.internal.DefaultFileLockManager] Waiting to acquire shared lock on daemon addresses registry.
2021-02-08T21:29:28.539-0500 [DEBUG] [org.gradle.cache.internal.DefaultFileLockManager] Lock acquired on daemon addresses registry.
2021-02-08T21:29:28.547-0500 [DEBUG] [org.gradle.cache.internal.DefaultFileLockManager] Releasing lock on daemon addresses registry.
2021-02-08T21:29:28.550-0500 [DEBUG] [org.gradle.cache.internal.DefaultFileLockManager] Waiting to acquire shared lock on daemon addresses registry.
2021-02-08T21:29:28.551-0500 [DEBUG] [org.gradle.cache.internal.DefaultFileLockManager] Lock acquired on daemon addresses registry.
2021-02-08T21:29:28.555-0500 [DEBUG] [org.gradle.cache.internal.DefaultFileLockManager] Releasing lock on daemon addresses registry.
2021-02-08T21:29:28.582-0500 [DEBUG] [org.gradle.cache.internal.DefaultFileLockManager] Waiting to acquire shared lock on daemon addresses registry.
2021-02-08T21:29:28.583-0500 [DEBUG] [org.gradle.cache.internal.DefaultFileLockManager] Lock acquired on daemon addresses registry.
2021-02-08T21:29:28.585-0500 [DEBUG] [org.gradle.cache.internal.DefaultFileLockManager] Releasing lock on daemon addresses registry.
2021-02-08T21:29:28.587-0500 [DEBUG] [org.gradle.launcher.daemon.server.health.LowMemoryDaemonExpirationStrategy] Nearing low memory threshold - OS memory {Total: 4100182016, Free: 681783296}
2021-02-08T21:29:28.589-0500 [DEBUG] [org.gradle.cache.internal.DefaultFileLockManager] Waiting to acquire shared lock on daemon addresses registry.
2021-02-08T21:29:28.590-0500 [DEBUG] [org.gradle.cache.internal.DefaultFileLockManager] Lock acquired on daemon addresses registry.
2021-02-08T21:29:28.592-0500 [DEBUG] [org.gradle.cache.internal.DefaultFileLockManager] Releasing lock on daemon addresses registry.
2021-02-08T21:29:28.594-0500 [DEBUG] [org.gradle.launcher.daemon.server.DaemonRegistryUpdater] Storing daemon stop event: other compatible daemons were started and after being idle for 0 minutes and not recently used
2021-02-08T21:29:28.650-0500 [DEBUG] [org.gradle.launcher.daemon.registry.PersistentDaemonRegistry] Storing daemon stop event with timestamp 1612837768595
2021-02-08T21:29:28.653-0500 [DEBUG] [org.gradle.cache.internal.DefaultFileLockManager] Waiting to acquire exclusive lock on daemon addresses registry.
2021-02-08T21:29:28.653-0500 [DEBUG] [org.gradle.cache.internal.DefaultFileLockManager] Lock acquired on daemon addresses registry.
2021-02-08T21:29:28.658-0500 [DEBUG] [org.gradle.cache.internal.DefaultFileLockManager] Releasing lock on daemon addresses registry.
2021-02-08T21:29:28.659-0500 [LIFECYCLE] [org.gradle.launcher.daemon.server.DaemonStateCoordinator] Daemon will be stopped at the end of the build other compatible daemons were started and after being idle for 0 minutes and not recently used
2021-02-08T21:29:28.660-0500 [DEBUG] [org.gradle.launcher.daemon.server.DaemonStateCoordinator] Marking daemon stopped due to other compatible daemons were started and after being idle for 0 minutes and not recently used. The daemon is running a build: false
2021-02-08T21:29:28.660-0500 [DEBUG] [org.gradle.launcher.daemon.server.DaemonStateCoordinator] daemon has stopped.
2021-02-08T21:29:28.661-0500 [DEBUG] [org.gradle.launcher.daemon.server.Daemon] stop() called on daemon
2021-02-08T21:29:28.661-0500 [INFO] [org.gradle.launcher.daemon.server.Daemon] Stop requested. Daemon is removing its presence from the registry...
2021-02-08T21:29:28.662-0500 [DEBUG] [org.gradle.launcher.daemon.server.DaemonRegistryUpdater] Removing our presence to clients, eg. removing this address from the registry: [5cfd3ce4-6d90-45fb-b0f3-594a08b23cc5 port:53785, addresses:[localhost/127.0.0.1]]
2021-02-08T21:29:28.664-0500 [DEBUG] [org.gradle.launcher.daemon.registry.PersistentDaemonRegistry] Removing daemon address: [5cfd3ce4-6d90-45fb-b0f3-594a08b23cc5 port:53785, addresses:[localhost/127.0.0.1]]
2021-02-08T21:29:28.669-0500 [DEBUG] [org.gradle.cache.internal.DefaultFileLockManager] Waiting to acquire exclusive lock on daemon addresses registry.
2021-02-08T21:29:28.670-0500 [DEBUG] [org.gradle.cache.internal.DefaultFileLockManager] Lock acquired on daemon addresses registry.
2021-02-08T21:29:28.683-0500 [DEBUG] [org.gradle.cache.internal.DefaultFileLockManager] Releasing lock on daemon addresses registry.
2021-02-08T21:29:28.684-0500 [DEBUG] [org.gradle.launcher.daemon.server.DaemonRegistryUpdater] Address removed from registry.
2021-02-08T21:29:28.700-0500 [DEBUG] [org.gradle.cache.internal.DefaultPersistentDirectoryStore] jars (D:\JavaCensa\Nota-1\caches\jars-3) has last been fully cleaned up 25 hours ago
2021-02-08T21:29:28.832-0500 [DEBUG] [org.gradle.cache.internal.AbstractCacheCleanup] jars (D:\JavaCensa\Nota-1\caches\jars-3) cleanup deleted 0 files/directories.
2021-02-08T21:29:28.834-0500 [INFO] [org.gradle.cache.internal.LeastRecentlyUsedCacheCleanup] jars (D:\JavaCensa\Nota-1\caches\jars-3) removing files not accessed on or after Mon Feb 01 18:46:50 COT 2021.
2021-02-08T21:29:28.864-0500 [DEBUG] [org.gradle.cache.internal.LockOnDemandCrossProcessCacheAccess] Acquiring file lock for journal cache (D:\JavaCensa\Nota-1\caches\journal-1)
2021-02-08T21:29:28.872-0500 [DEBUG] [org.gradle.cache.internal.DefaultFileLockManager] Waiting to acquire exclusive lock on journal cache (D:\JavaCensa\Nota-1\caches\journal-1).
2021-02-08T21:29:28.878-0500 [DEBUG] [org.gradle.cache.internal.DefaultFileLockManager] The file lock is held by a different Gradle process (pid: 8916, lockId: 4916575172070598246). Pinged owner at port 50201
2021-02-08T21:29:28.924-0500 [DEBUG] [org.gradle.cache.internal.locklistener.DefaultFileLockContentionHandler] Gradle process at port 50201 confirmed unlock request for lock with id 4916575172070598246.
2021-02-08T21:29:28.925-0500 [DEBUG] [org.gradle.cache.internal.locklistener.DefaultFileLockContentionHandler] Gradle process at port 50201 confirmed unlock request for lock with id 4916575172070598246.
2021-02-08T21:29:28.926-0500 [DEBUG] [org.gradle.cache.internal.locklistener.DefaultFileLockContentionHandler] Gradle process at port 50201 confirmed lock release for lock with id 4916575172070598246.
2021-02-08T21:29:28.926-0500 [DEBUG] [org.gradle.cache.internal.locklistener.DefaultFileLockContentionHandler] Triggering lock release signal for lock with id 4916575172070598246.
2021-02-08T21:29:28.927-0500 [DEBUG] [org.gradle.cache.internal.locklistener.DefaultFileLockContentionHandler] Gradle process at port 50201 confirmed lock release for lock with id 4916575172070598246.
2021-02-08T21:29:28.929-0500 [DEBUG] [org.gradle.cache.internal.locklistener.DefaultFileLockContentionHandler] Triggering lock release signal for lock with id 4916575172070598246.
2021-02-08T21:29:28.930-0500 [DEBUG] [org.gradle.cache.internal.DefaultFileLockManager] Lock acquired on journal cache (D:\JavaCensa\Nota-1\caches\journal-1).
2021-02-08T21:29:28.940-0500 [DEBUG] [org.gradle.cache.internal.btree.BTreePersistentIndexedCache] Opening cache file-access.bin (D:\JavaCensa\Nota-1\caches\journal-1\file-access.bin)
2021-02-08T21:29:28.998-0500 [DEBUG] [org.gradle.cache.internal.AbstractCacheCleanup] jars (D:\JavaCensa\Nota-1\caches\jars-3) cleanup deleted 0 files/directories.
2021-02-08T21:29:29.028-0500 [INFO] [org.gradle.cache.internal.DefaultPersistentDirectoryStore] jars (D:\JavaCensa\Nota-1\caches\jars-3) cleaned up in 0.327 secs.
2021-02-08T21:29:29.028-0500 [DEBUG] [org.gradle.cache.internal.DefaultCacheAccess] Cache jars (D:\JavaCensa\Nota-1\caches\jars-3) was closed 0 times.
2021-02-08T21:29:29.039-0500 [DEBUG] [org.gradle.cache.internal.LockOnDemandCrossProcessCacheAccess] Releasing file lock for file content cache (D:\JavaCensa\Nota-1\caches\6.1\fileContent)
2021-02-08T21:29:29.040-0500 [DEBUG] [org.gradle.cache.internal.DefaultFileLockManager] Releasing lock on file content cache (D:\JavaCensa\Nota-1\caches\6.1\fileContent).
2021-02-08T21:29:29.043-0500 [DEBUG] [org.gradle.cache.internal.DefaultCacheAccess] Cache Generated Gradle JARs cache (D:\JavaCensa\Nota-1\caches\6.1\generated-gradle-jars) was closed 0 times.
2021-02-08T21:29:29.044-0500 [DEBUG] [org.gradle.cache.internal.DefaultPersistentDirectoryStore] artifact cache (D:\JavaCensa\Nota-1\caches\modules-2) has last been fully cleaned up 25 hours ago
2021-02-08T21:29:29.046-0500 [DEBUG] [org.gradle.cache.internal.AbstractCacheCleanup] artifact cache (D:\JavaCensa\Nota-1\caches\modules-2) cleanup deleted 0 files/directories.
2021-02-08T21:29:29.048-0500 [DEBUG] [org.gradle.cache.internal.AbstractCacheCleanup] artifact cache (D:\JavaCensa\Nota-1\caches\modules-2) [subdir: D:\JavaCensa\Nota-1\caches\modules-2\resources-2.1] cleanup deleted 0 files/directories.
2021-02-08T21:29:29.048-0500 [INFO] [org.gradle.cache.internal.LeastRecentlyUsedCacheCleanup] artifact cache (D:\JavaCensa\Nota-1\caches\modules-2) [subdir: D:\JavaCensa\Nota-1\caches\modules-2\resources-2.1] removing files not accessed on or after Sat Jan 09 18:46:51 COT 2021.
2021-02-08T21:29:29.048-0500 [DEBUG] [org.gradle.cache.internal.AbstractCacheCleanup] artifact cache (D:\JavaCensa\Nota-1\caches\modules-2) [subdir: D:\JavaCensa\Nota-1\caches\modules-2\resources-2.1] cleanup deleted 0 files/directories.
2021-02-08T21:29:29.053-0500 [DEBUG] [org.gradle.cache.internal.AbstractCacheCleanup] artifact cache (D:\JavaCensa\Nota-1\caches\modules-2) [subdir: D:\JavaCensa\Nota-1\caches\modules-2\files-2.1] cleanup deleted 0 files/directories.
2021-02-08T21:29:29.053-0500 [INFO] [org.gradle.cache.internal.LeastRecentlyUsedCacheCleanup] artifact cache (D:\JavaCensa\Nota-1\caches\modules-2) [subdir: D:\JavaCensa\Nota-1\caches\modules-2\files-2.1] removing files not accessed on or after Sat Jan 09 18:46:51 COT 2021.
2021-02-08T21:29:29.059-0500 [DEBUG] [org.gradle.cache.internal.AbstractCacheCleanup] artifact cache (D:\JavaCensa\Nota-1\caches\modules-2) [subdir: D:\JavaCensa\Nota-1\caches\modules-2\files-2.1] cleanup deleted 0 files/directories.
2021-02-08T21:29:29.060-0500 [DEBUG] [org.gradle.cache.internal.AbstractCacheCleanup] artifact cache (D:\JavaCensa\Nota-1\caches\modules-2) [subdir: D:\JavaCensa\Nota-1\caches\modules-2\metadata-2.95] cleanup deleted 0 files/directories.
2021-02-08T21:29:29.061-0500 [INFO] [org.gradle.cache.internal.DefaultPersistentDirectoryStore] artifact cache (D:\JavaCensa\Nota-1\caches\modules-2) cleaned up in 0.015 secs.
2021-02-08T21:29:29.061-0500 [DEBUG] [org.gradle.cache.internal.DefaultCacheAccess] Cache artifact cache (D:\JavaCensa\Nota-1\caches\modules-2) was closed 0 times.
2021-02-08T21:29:29.062-0500 [DEBUG] [org.gradle.cache.internal.DefaultPersistentDirectoryStore] Artifact transforms cache (D:\JavaCensa\Nota-1\caches\transforms-2) has last been fully cleaned up 25 hours ago
2021-02-08T21:29:29.062-0500 [INFO] [org.gradle.cache.internal.LeastRecentlyUsedCacheCleanup] Artifact transforms cache (D:\JavaCensa\Nota-1\caches\transforms-2) [subdir: D:\JavaCensa\Nota-1\caches\transforms-2\files-2.1] removing files not accessed on or after Mon Feb 01 18:46:53 COT 2021.
2021-02-08T21:29:29.063-0500 [DEBUG] [org.gradle.cache.internal.AbstractCacheCleanup] Artifact transforms cache (D:\JavaCensa\Nota-1\caches\transforms-2) [subdir: D:\JavaCensa\Nota-1\caches\transforms-2\files-2.1] cleanup deleted 0 files/directories.
2021-02-08T21:29:29.069-0500 [INFO] [org.gradle.cache.internal.DefaultPersistentDirectoryStore] Artifact transforms cache (D:\JavaCensa\Nota-1\caches\transforms-2) cleaned up in 0.007 secs.
2021-02-08T21:29:29.070-0500 [DEBUG] [org.gradle.cache.internal.DefaultCacheAccess] Cache Artifact transforms cache (D:\JavaCensa\Nota-1\caches\transforms-2) was closed 0 times.
2021-02-08T21:29:29.070-0500 [DEBUG] [org.gradle.cache.internal.LockOnDemandCrossProcessCacheAccess] Releasing file lock for journal cache (D:\JavaCensa\Nota-1\caches\journal-1)
2021-02-08T21:29:29.070-0500 [DEBUG] [org.gradle.cache.internal.btree.BTreePersistentIndexedCache] Closing cache file-access.bin (D:\JavaCensa\Nota-1\caches\journal-1\file-access.bin)
2021-02-08T21:29:29.071-0500 [DEBUG] [org.gradle.cache.internal.DefaultFileLockManager] Releasing lock on journal cache (D:\JavaCensa\Nota-1\caches\journal-1).
2021-02-08T21:29:29.072-0500 [DEBUG] [org.gradle.cache.internal.DefaultCacheAccess] Cache journal cache (D:\JavaCensa\Nota-1\caches\journal-1) was closed 2 times.
2021-02-08T21:29:29.095-0500 [DEBUG] [org.gradle.cache.internal.DefaultCacheAccess] Cache file hash cache (D:\JavaCensa\Nota-1\caches\6.1\fileHashes) was closed 2 times.
2021-02-08T21:29:29.096-0500 [DEBUG] [org.gradle.cache.internal.LockOnDemandCrossProcessCacheAccess] Releasing file lock for execution history cache (D:\JavaCensa\Nota-1\caches\6.1\executionHistory)
2021-02-08T21:29:29.097-0500 [DEBUG] [org.gradle.cache.internal.DefaultFileLockManager] Releasing lock on execution history cache (D:\JavaCensa\Nota-1\caches\6.1\executionHistory).
2021-02-08T21:29:29.152-0500 [DEBUG] [org.gradle.cache.internal.VersionSpecificCacheCleanupAction] Processed version-specific caches at D:\JavaCensa\Nota-1\caches for cleanup in 0.053 secs
Daemon vm is shutting down... The daemon has exited normally or was terminated in response to a user interrupt.
2021-02-08T21:29:29.195-0500 [DEBUG] [org.gradle.launcher.daemon.registry.PersistentDaemonRegistry] Removing daemon address: [5cfd3ce4-6d90-45fb-b0f3-594a08b23cc5 port:53785, addresses:[localhost/127.0.0.1]]
2021-02-08T21:29:29.199-0500 [DEBUG] [org.gradle.cache.internal.DefaultFileLockManager] Waiting to acquire exclusive lock on daemon addresses registry.
2021-02-08T21:29:29.225-0500 [DEBUG] [org.gradle.cache.internal.DefaultFileLockManager] Lock acquired on daemon addresses registry.
2021-02-08T21:29:29.283-0500 [DEBUG] [org.gradle.cache.internal.DefaultFileLockManager] Releasing lock on daemon addresses registry.
